{"C:\\dev\\tes\\backend\\src\\index.ts": {"path":"C:\\dev\\tes\\backend\\src\\index.ts","statementMap":{"0":{"start":{"line":1,"column":0},"end":{"line":1,"column":66}},"1":{"start":{"line":2,"column":0},"end":{"line":2,"column":24}},"2":{"start":{"line":3,"column":0},"end":{"line":3,"column":41}},"3":{"start":{"line":4,"column":0},"end":{"line":4,"column":28}},"4":{"start":{"line":5,"column":0},"end":{"line":5,"column":46}},"5":{"start":{"line":6,"column":0},"end":{"line":6,"column":46}},"6":{"start":{"line":7,"column":0},"end":{"line":7,"column":48}},"7":{"start":{"line":8,"column":0},"end":{"line":8,"column":61}},"8":{"start":{"line":9,"column":0},"end":{"line":9,"column":40}},"9":{"start":{"line":11,"column":0},"end":{"line":11,"column":33}},"10":{"start":{"line":12,"column":0},"end":{"line":12,"column":67}},"11":{"start":{"line":13,"column":0},"end":{"line":13,"column":69}},"12":{"start":{"line":15,"column":0},"end":{"line":15,"column":16}},"13":{"start":{"line":17,"column":12},"end":{"line":17,"column":21}},"14":{"start":{"line":19,"column":0},"end":{"line":19,"column":16}},"15":{"start":{"line":20,"column":0},"end":{"line":20,"column":24}},"16":{"start":{"line":21,"column":0},"end":{"line":21,"column":24}},"17":{"start":{"line":24,"column":0},"end":{"line":31,"column":2}},"18":{"start":{"line":27,"column":59},"end":{"line":29,"column":6}},"19":{"start":{"line":34,"column":0},"end":{"line":34,"column":21}},"20":{"start":{"line":37,"column":0},"end":{"line":40,"column":3}},"21":{"start":{"line":38,"column":2},"end":{"line":38,"column":36}},"22":{"start":{"line":39,"column":2},"end":{"line":39,"column":19}},"23":{"start":{"line":43,"column":0},"end":{"line":43,"column":55}},"24":{"start":{"line":45,"column":0},"end":{"line":48,"column":3}},"25":{"start":{"line":46,"column":2},"end":{"line":46,"column":41}},"26":{"start":{"line":47,"column":2},"end":{"line":47,"column":37}},"27":{"start":{"line":51,"column":0},"end":{"line":51,"column":33}},"28":{"start":{"line":54,"column":0},"end":{"line":54,"column":34}},"29":{"start":{"line":57,"column":0},"end":{"line":57,"column":35}},"30":{"start":{"line":60,"column":0},"end":{"line":60,"column":22}},"31":{"start":{"line":62,"column":13},"end":{"line":62,"column":37}},"32":{"start":{"line":64,"column":0},"end":{"line":67,"column":3}},"33":{"start":{"line":65,"column":2},"end":{"line":65,"column":45}},"34":{"start":{"line":66,"column":2},"end":{"line":66,"column":53}},"35":{"start":{"line":69,"column":0},"end":{"line":69,"column":19}}},"fnMap":{"0":{"name":"(anonymous_1)","decl":{"start":{"line":27,"column":17},"end":{"line":27,"column":18}},"loc":{"start":{"line":27,"column":59},"end":{"line":29,"column":6}}},"1":{"name":"(anonymous_2)","decl":{"start":{"line":37,"column":17},"end":{"line":37,"column":18}},"loc":{"start":{"line":37,"column":30},"end":{"line":40,"column":1}}},"2":{"name":"(anonymous_3)","decl":{"start":{"line":45,"column":13},"end":{"line":45,"column":14}},"loc":{"start":{"line":45,"column":45},"end":{"line":48,"column":1}}},"3":{"name":"(anonymous_4)","decl":{"start":{"line":64,"column":17},"end":{"line":64,"column":20}},"loc":{"start":{"line":64,"column":22},"end":{"line":67,"column":1}}}},"branchMap":{"0":{"loc":{"start":{"line":62,"column":13},"end":{"line":62,"column":37}},"type":"binary-expr","locations":[{"start":{"line":62,"column":13},"end":{"line":62,"column":29}},{"start":{"line":62,"column":33},"end":{"line":62,"column":37}}]}},"s":{"0":1,"1":1,"2":1,"3":1,"4":1,"5":1,"6":1,"7":1,"8":1,"9":1,"10":1,"11":1,"12":1,"13":1,"14":1,"15":1,"16":1,"17":1,"18":2,"19":1,"20":1,"21":0,"22":0,"23":1,"24":1,"25":0,"26":0,"27":1,"28":1,"29":1,"30":1,"31":1,"32":1,"33":1,"34":1,"35":1},"f":{"0":2,"1":0,"2":0,"3":1},"b":{"0":[1,1]}}
,"C:\\dev\\tes\\backend\\src\\swagger.ts": {"path":"C:\\dev\\tes\\backend\\src\\swagger.ts","statementMap":{"0":{"start":{"line":1,"column":0},"end":{"line":1,"column":41}},"1":{"start":{"line":2,"column":0},"end":{"line":2,"column":43}},"2":{"start":{"line":4,"column":38},"end":{"line":34,"column":2}},"3":{"start":{"line":36,"column":13},"end":{"line":36,"column":49}},"4":{"start":{"line":37,"column":13},"end":{"line":37,"column":48}},"5":{"start":{"line":38,"column":13},"end":{"line":38,"column":59}}},"fnMap":{},"branchMap":{},"s":{"0":1,"1":1,"2":1,"3":1,"4":1,"5":1},"f":{},"b":{}}
,"C:\\dev\\tes\\backend\\src\\controllers\\audit.controller.ts": {"path":"C:\\dev\\tes\\backend\\src\\controllers\\audit.controller.ts","statementMap":{"0":{"start":{"line":5,"column":0},"end":{"line":5,"column":7}},"1":{"start":{"line":2,"column":0},"end":{"line":2,"column":64}},"2":{"start":{"line":3,"column":0},"end":{"line":3,"column":69}},"3":{"start":{"line":6,"column":17},"end":{"line":6,"column":56}},"4":{"start":{"line":7,"column":2},"end":{"line":14,"column":3}},"5":{"start":{"line":8,"column":43},"end":{"line":8,"column":45}},"6":{"start":{"line":9,"column":4},"end":{"line":12,"column":5}},"7":{"start":{"line":10,"column":20},"end":{"line":10,"column":41}},"8":{"start":{"line":11,"column":6},"end":{"line":11,"column":36}},"9":{"start":{"line":13,"column":4},"end":{"line":13,"column":73}},"10":{"start":{"line":16,"column":2},"end":{"line":22,"column":3}},"11":{"start":{"line":17,"column":28},"end":{"line":17,"column":39}},"12":{"start":{"line":18,"column":17},"end":{"line":18,"column":59}},"13":{"start":{"line":19,"column":4},"end":{"line":19,"column":60}},"14":{"start":{"line":21,"column":4},"end":{"line":21,"column":86}}},"fnMap":{"0":{"name":"getAuditLogsController","decl":{"start":{"line":5,"column":22},"end":{"line":5,"column":44}},"loc":{"start":{"line":5,"column":72},"end":{"line":23,"column":1}}}},"branchMap":{"0":{"loc":{"start":{"line":7,"column":2},"end":{"line":14,"column":3}},"type":"if","locations":[{"start":{"line":7,"column":2},"end":{"line":14,"column":3}},{"start":{},"end":{}}]}},"s":{"0":1,"1":1,"2":1,"3":0,"4":0,"5":0,"6":0,"7":0,"8":0,"9":0,"10":0,"11":0,"12":0,"13":0,"14":0},"f":{"0":0},"b":{"0":[0,0]}}
,"C:\\dev\\tes\\backend\\src\\controllers\\auth.controller.ts": {"path":"C:\\dev\\tes\\backend\\src\\controllers\\auth.controller.ts","statementMap":{"0":{"start":{"line":10,"column":0},"end":{"line":10,"column":7}},"1":{"start":{"line":74,"column":0},"end":{"line":74,"column":7}},"2":{"start":{"line":107,"column":0},"end":{"line":107,"column":7}},"3":{"start":{"line":2,"column":0},"end":{"line":2,"column":34}},"4":{"start":{"line":3,"column":0},"end":{"line":3,"column":92}},"5":{"start":{"line":5,"column":20},"end":{"line":8,"column":2}},"6":{"start":{"line":11,"column":17},"end":{"line":11,"column":48}},"7":{"start":{"line":12,"column":2},"end":{"line":30,"column":3}},"8":{"start":{"line":13,"column":18},"end":{"line":13,"column":30}},"9":{"start":{"line":14,"column":4},"end":{"line":26,"column":5}},"10":{"start":{"line":15,"column":50},"end":{"line":15,"column":52}},"11":{"start":{"line":16,"column":6},"end":{"line":19,"column":9}},"12":{"start":{"line":17,"column":20},"end":{"line":17,"column":41}},"13":{"start":{"line":18,"column":8},"end":{"line":18,"column":41}},"14":{"start":{"line":21,"column":6},"end":{"line":21,"column":96}},"15":{"start":{"line":22,"column":6},"end":{"line":25,"column":9}},"16":{"start":{"line":28,"column":4},"end":{"line":28,"column":81}},"17":{"start":{"line":29,"column":4},"end":{"line":29,"column":60}},"18":{"start":{"line":32,"column":33},"end":{"line":32,"column":44}},"19":{"start":{"line":34,"column":2},"end":{"line":71,"column":3}},"20":{"start":{"line":35,"column":19},"end":{"line":35,"column":57}},"21":{"start":{"line":37,"column":4},"end":{"line":42,"column":7}},"22":{"start":{"line":44,"column":4},"end":{"line":51,"column":6}},"23":{"start":{"line":53,"column":4},"end":{"line":59,"column":7}},"24":{"start":{"line":61,"column":4},"end":{"line":68,"column":6}},"25":{"start":{"line":70,"column":4},"end":{"line":70,"column":75}},"26":{"start":{"line":75,"column":2},"end":{"line":104,"column":3}},"27":{"start":{"line":76,"column":25},"end":{"line":76,"column":49}},"28":{"start":{"line":77,"column":4},"end":{"line":79,"column":5}},"29":{"start":{"line":78,"column":6},"end":{"line":78,"column":90}},"30":{"start":{"line":81,"column":19},"end":{"line":81,"column":58}},"31":{"start":{"line":83,"column":4},"end":{"line":88,"column":7}},"32":{"start":{"line":90,"column":4},"end":{"line":95,"column":6}},"33":{"start":{"line":96,"column":4},"end":{"line":101,"column":7}},"34":{"start":{"line":103,"column":4},"end":{"line":103,"column":69}},"35":{"start":{"line":108,"column":2},"end":{"line":125,"column":3}},"36":{"start":{"line":109,"column":25},"end":{"line":109,"column":49}},"37":{"start":{"line":110,"column":4},"end":{"line":112,"column":5}},"38":{"start":{"line":111,"column":6},"end":{"line":111,"column":90}},"39":{"start":{"line":114,"column":4},"end":{"line":114,"column":38}},"40":{"start":{"line":115,"column":4},"end":{"line":115,"column":36}},"41":{"start":{"line":116,"column":4},"end":{"line":121,"column":6}},"42":{"start":{"line":122,"column":4},"end":{"line":122,"column":57}},"43":{"start":{"line":124,"column":4},"end":{"line":124,"column":69}}},"fnMap":{"0":{"name":"loginController","decl":{"start":{"line":10,"column":22},"end":{"line":10,"column":37}},"loc":{"start":{"line":10,"column":65},"end":{"line":72,"column":1}}},"1":{"name":"(anonymous_1)","decl":{"start":{"line":16,"column":27},"end":{"line":16,"column":28}},"loc":{"start":{"line":16,"column":37},"end":{"line":19,"column":7}}},"2":{"name":"refreshTokenController","decl":{"start":{"line":74,"column":22},"end":{"line":74,"column":44}},"loc":{"start":{"line":74,"column":72},"end":{"line":105,"column":1}}},"3":{"name":"logoutController","decl":{"start":{"line":107,"column":22},"end":{"line":107,"column":38}},"loc":{"start":{"line":107,"column":66},"end":{"line":126,"column":1}}}},"branchMap":{"0":{"loc":{"start":{"line":12,"column":2},"end":{"line":30,"column":3}},"type":"if","locations":[{"start":{"line":12,"column":2},"end":{"line":30,"column":3}},{"start":{},"end":{}}]},"1":{"loc":{"start":{"line":14,"column":4},"end":{"line":26,"column":5}},"type":"if","locations":[{"start":{"line":14,"column":4},"end":{"line":26,"column":5}},{"start":{},"end":{}}]},"2":{"loc":{"start":{"line":70,"column":43},"end":{"line":70,"column":71}},"type":"binary-expr","locations":[{"start":{"line":70,"column":43},"end":{"line":70,"column":54}},{"start":{"line":70,"column":58},"end":{"line":70,"column":71}}]},"3":{"loc":{"start":{"line":77,"column":4},"end":{"line":79,"column":5}},"type":"if","locations":[{"start":{"line":77,"column":4},"end":{"line":79,"column":5}},{"start":{},"end":{}}]},"4":{"loc":{"start":{"line":103,"column":15},"end":{"line":103,"column":36}},"type":"binary-expr","locations":[{"start":{"line":103,"column":15},"end":{"line":103,"column":29}},{"start":{"line":103,"column":33},"end":{"line":103,"column":36}}]},"5":{"loc":{"start":{"line":110,"column":4},"end":{"line":112,"column":5}},"type":"if","locations":[{"start":{"line":110,"column":4},"end":{"line":112,"column":5}},{"start":{},"end":{}}]},"6":{"loc":{"start":{"line":124,"column":15},"end":{"line":124,"column":36}},"type":"binary-expr","locations":[{"start":{"line":124,"column":15},"end":{"line":124,"column":29}},{"start":{"line":124,"column":33},"end":{"line":124,"column":36}}]}},"s":{"0":1,"1":1,"2":1,"3":1,"4":1,"5":1,"6":1,"7":1,"8":0,"9":0,"10":0,"11":0,"12":0,"13":0,"14":0,"15":0,"16":0,"17":0,"18":1,"19":1,"20":1,"21":1,"22":1,"23":1,"24":0,"25":0,"26":0,"27":0,"28":0,"29":0,"30":0,"31":0,"32":0,"33":0,"34":0,"35":0,"36":0,"37":0,"38":0,"39":0,"40":0,"41":0,"42":0,"43":0},"f":{"0":1,"1":0,"2":0,"3":0},"b":{"0":[0,1],"1":[0,0],"2":[0,0],"3":[0,0],"4":[0,0],"5":[0,0],"6":[0,0]}}
,"C:\\dev\\tes\\backend\\src\\controllers\\user.controller.ts": {"path":"C:\\dev\\tes\\backend\\src\\controllers\\user.controller.ts","statementMap":{"0":{"start":{"line":13,"column":0},"end":{"line":13,"column":7}},"1":{"start":{"line":38,"column":0},"end":{"line":38,"column":7}},"2":{"start":{"line":62,"column":0},"end":{"line":62,"column":7}},"3":{"start":{"line":92,"column":0},"end":{"line":92,"column":7}},"4":{"start":{"line":127,"column":0},"end":{"line":127,"column":7}},"5":{"start":{"line":162,"column":0},"end":{"line":162,"column":7}},"6":{"start":{"line":193,"column":0},"end":{"line":193,"column":7}},"7":{"start":{"line":2,"column":0},"end":{"line":2,"column":null}},"8":{"start":{"line":11,"column":0},"end":{"line":11,"column":62}},"9":{"start":{"line":14,"column":17},"end":{"line":14,"column":52}},"10":{"start":{"line":16,"column":2},"end":{"line":23,"column":3}},"11":{"start":{"line":17,"column":4},"end":{"line":17,"column":78}},"12":{"start":{"line":18,"column":4},"end":{"line":22,"column":7}},"13":{"start":{"line":25,"column":2},"end":{"line":30,"column":4}},"14":{"start":{"line":31,"column":2},"end":{"line":35,"column":5}},"15":{"start":{"line":39,"column":20},"end":{"line":39,"column":47}},"16":{"start":{"line":40,"column":2},"end":{"line":40,"column":84}},"17":{"start":{"line":40,"column":24},"end":{"line":40,"column":84}},"18":{"start":{"line":42,"column":2},"end":{"line":44,"column":3}},"19":{"start":{"line":43,"column":4},"end":{"line":43,"column":58}},"20":{"start":{"line":46,"column":15},"end":{"line":46,"column":56}},"21":{"start":{"line":47,"column":2},"end":{"line":47,"column":72}},"22":{"start":{"line":47,"column":13},"end":{"line":47,"column":72}},"23":{"start":{"line":49,"column":2},"end":{"line":54,"column":4}},"24":{"start":{"line":55,"column":2},"end":{"line":59,"column":5}},"25":{"start":{"line":63,"column":2},"end":{"line":67,"column":3}},"26":{"start":{"line":64,"column":4},"end":{"line":66,"column":83}},"27":{"start":{"line":69,"column":17},"end":{"line":69,"column":71}},"28":{"start":{"line":71,"column":2},"end":{"line":77,"column":3}},"29":{"start":{"line":72,"column":4},"end":{"line":76,"column":7}},"30":{"start":{"line":79,"column":2},"end":{"line":84,"column":4}},"31":{"start":{"line":85,"column":2},"end":{"line":89,"column":5}},"32":{"start":{"line":93,"column":19},"end":{"line":93,"column":46}},"33":{"start":{"line":94,"column":2},"end":{"line":96,"column":3}},"34":{"start":{"line":95,"column":4},"end":{"line":95,"column":80}},"35":{"start":{"line":98,"column":2},"end":{"line":100,"column":3}},"36":{"start":{"line":99,"column":4},"end":{"line":99,"column":99}},"37":{"start":{"line":102,"column":20},"end":{"line":105,"column":4}},"38":{"start":{"line":107,"column":17},"end":{"line":107,"column":71}},"39":{"start":{"line":109,"column":2},"end":{"line":112,"column":3}},"40":{"start":{"line":110,"column":19},"end":{"line":110,"column":49}},"41":{"start":{"line":111,"column":4},"end":{"line":111,"column":43}},"42":{"start":{"line":114,"column":2},"end":{"line":119,"column":4}},"43":{"start":{"line":120,"column":2},"end":{"line":124,"column":5}},"44":{"start":{"line":128,"column":19},"end":{"line":128,"column":46}},"45":{"start":{"line":129,"column":2},"end":{"line":131,"column":3}},"46":{"start":{"line":130,"column":4},"end":{"line":130,"column":80}},"47":{"start":{"line":133,"column":2},"end":{"line":135,"column":3}},"48":{"start":{"line":134,"column":4},"end":{"line":134,"column":99}},"49":{"start":{"line":137,"column":20},"end":{"line":140,"column":4}},"50":{"start":{"line":142,"column":17},"end":{"line":142,"column":79}},"51":{"start":{"line":144,"column":2},"end":{"line":147,"column":3}},"52":{"start":{"line":145,"column":19},"end":{"line":145,"column":49}},"53":{"start":{"line":146,"column":4},"end":{"line":146,"column":43}},"54":{"start":{"line":149,"column":2},"end":{"line":154,"column":4}},"55":{"start":{"line":155,"column":2},"end":{"line":159,"column":5}},"56":{"start":{"line":163,"column":19},"end":{"line":163,"column":46}},"57":{"start":{"line":164,"column":2},"end":{"line":166,"column":3}},"58":{"start":{"line":165,"column":4},"end":{"line":165,"column":80}},"59":{"start":{"line":168,"column":2},"end":{"line":170,"column":3}},"60":{"start":{"line":169,"column":4},"end":{"line":169,"column":99}},"61":{"start":{"line":172,"column":20},"end":{"line":172,"column":64}},"62":{"start":{"line":173,"column":2},"end":{"line":175,"column":3}},"63":{"start":{"line":174,"column":4},"end":{"line":174,"column":97}},"64":{"start":{"line":177,"column":17},"end":{"line":177,"column":71}},"65":{"start":{"line":179,"column":2},"end":{"line":182,"column":3}},"66":{"start":{"line":180,"column":19},"end":{"line":180,"column":49}},"67":{"start":{"line":181,"column":4},"end":{"line":181,"column":43}},"68":{"start":{"line":184,"column":2},"end":{"line":189,"column":4}},"69":{"start":{"line":190,"column":2},"end":{"line":190,"column":38}},"70":{"start":{"line":194,"column":2},"end":{"line":211,"column":3}},"71":{"start":{"line":195,"column":22},"end":{"line":195,"column":59}},"72":{"start":{"line":197,"column":4},"end":{"line":202,"column":6}},"73":{"start":{"line":203,"column":4},"end":{"line":203,"column":46}},"74":{"start":{"line":204,"column":4},"end":{"line":204,"column":77}},"75":{"start":{"line":205,"column":4},"end":{"line":205,"column":24}},"76":{"start":{"line":207,"column":4},"end":{"line":210,"column":7}}},"fnMap":{"0":{"name":"getListUserController","decl":{"start":{"line":13,"column":22},"end":{"line":13,"column":43}},"loc":{"start":{"line":13,"column":71},"end":{"line":36,"column":1}}},"1":{"name":"getUserController","decl":{"start":{"line":38,"column":22},"end":{"line":38,"column":39}},"loc":{"start":{"line":38,"column":67},"end":{"line":60,"column":1}}},"2":{"name":"createUserController","decl":{"start":{"line":62,"column":22},"end":{"line":62,"column":42}},"loc":{"start":{"line":62,"column":70},"end":{"line":90,"column":1}}},"3":{"name":"updateUserController","decl":{"start":{"line":92,"column":22},"end":{"line":92,"column":42}},"loc":{"start":{"line":92,"column":70},"end":{"line":125,"column":1}}},"4":{"name":"updateUserPasswordController","decl":{"start":{"line":127,"column":22},"end":{"line":127,"column":50}},"loc":{"start":{"line":127,"column":78},"end":{"line":160,"column":1}}},"5":{"name":"deleteUserController","decl":{"start":{"line":162,"column":22},"end":{"line":162,"column":42}},"loc":{"start":{"line":162,"column":70},"end":{"line":191,"column":1}}},"6":{"name":"exportUserCSVController","decl":{"start":{"line":193,"column":22},"end":{"line":193,"column":45}},"loc":{"start":{"line":193,"column":73},"end":{"line":212,"column":1}}}},"branchMap":{"0":{"loc":{"start":{"line":16,"column":2},"end":{"line":23,"column":3}},"type":"if","locations":[{"start":{"line":16,"column":2},"end":{"line":23,"column":3}},{"start":{},"end":{}}]},"1":{"loc":{"start":{"line":40,"column":2},"end":{"line":40,"column":84}},"type":"if","locations":[{"start":{"line":40,"column":2},"end":{"line":40,"column":84}},{"start":{},"end":{}}]},"2":{"loc":{"start":{"line":42,"column":2},"end":{"line":44,"column":3}},"type":"if","locations":[{"start":{"line":42,"column":2},"end":{"line":44,"column":3}},{"start":{},"end":{}}]},"3":{"loc":{"start":{"line":42,"column":6},"end":{"line":42,"column":69}},"type":"binary-expr","locations":[{"start":{"line":42,"column":6},"end":{"line":42,"column":31}},{"start":{"line":42,"column":35},"end":{"line":42,"column":69}}]},"4":{"loc":{"start":{"line":47,"column":2},"end":{"line":47,"column":72}},"type":"if","locations":[{"start":{"line":47,"column":2},"end":{"line":47,"column":72}},{"start":{},"end":{}}]},"5":{"loc":{"start":{"line":63,"column":2},"end":{"line":67,"column":3}},"type":"if","locations":[{"start":{"line":63,"column":2},"end":{"line":67,"column":3}},{"start":{},"end":{}}]},"6":{"loc":{"start":{"line":71,"column":2},"end":{"line":77,"column":3}},"type":"if","locations":[{"start":{"line":71,"column":2},"end":{"line":77,"column":3}},{"start":{},"end":{}}]},"7":{"loc":{"start":{"line":94,"column":2},"end":{"line":96,"column":3}},"type":"if","locations":[{"start":{"line":94,"column":2},"end":{"line":96,"column":3}},{"start":{},"end":{}}]},"8":{"loc":{"start":{"line":98,"column":2},"end":{"line":100,"column":3}},"type":"if","locations":[{"start":{"line":98,"column":2},"end":{"line":100,"column":3}},{"start":{},"end":{}}]},"9":{"loc":{"start":{"line":109,"column":2},"end":{"line":112,"column":3}},"type":"if","locations":[{"start":{"line":109,"column":2},"end":{"line":112,"column":3}},{"start":{},"end":{}}]},"10":{"loc":{"start":{"line":110,"column":19},"end":{"line":110,"column":49}},"type":"cond-expr","locations":[{"start":{"line":110,"column":40},"end":{"line":110,"column":43}},{"start":{"line":110,"column":46},"end":{"line":110,"column":49}}]},"11":{"loc":{"start":{"line":129,"column":2},"end":{"line":131,"column":3}},"type":"if","locations":[{"start":{"line":129,"column":2},"end":{"line":131,"column":3}},{"start":{},"end":{}}]},"12":{"loc":{"start":{"line":133,"column":2},"end":{"line":135,"column":3}},"type":"if","locations":[{"start":{"line":133,"column":2},"end":{"line":135,"column":3}},{"start":{},"end":{}}]},"13":{"loc":{"start":{"line":144,"column":2},"end":{"line":147,"column":3}},"type":"if","locations":[{"start":{"line":144,"column":2},"end":{"line":147,"column":3}},{"start":{},"end":{}}]},"14":{"loc":{"start":{"line":145,"column":19},"end":{"line":145,"column":49}},"type":"cond-expr","locations":[{"start":{"line":145,"column":40},"end":{"line":145,"column":43}},{"start":{"line":145,"column":46},"end":{"line":145,"column":49}}]},"15":{"loc":{"start":{"line":164,"column":2},"end":{"line":166,"column":3}},"type":"if","locations":[{"start":{"line":164,"column":2},"end":{"line":166,"column":3}},{"start":{},"end":{}}]},"16":{"loc":{"start":{"line":168,"column":2},"end":{"line":170,"column":3}},"type":"if","locations":[{"start":{"line":168,"column":2},"end":{"line":170,"column":3}},{"start":{},"end":{}}]},"17":{"loc":{"start":{"line":173,"column":2},"end":{"line":175,"column":3}},"type":"if","locations":[{"start":{"line":173,"column":2},"end":{"line":175,"column":3}},{"start":{},"end":{}}]},"18":{"loc":{"start":{"line":179,"column":2},"end":{"line":182,"column":3}},"type":"if","locations":[{"start":{"line":179,"column":2},"end":{"line":182,"column":3}},{"start":{},"end":{}}]},"19":{"loc":{"start":{"line":180,"column":19},"end":{"line":180,"column":49}},"type":"cond-expr","locations":[{"start":{"line":180,"column":40},"end":{"line":180,"column":43}},{"start":{"line":180,"column":46},"end":{"line":180,"column":49}}]},"20":{"loc":{"start":{"line":209,"column":15},"end":{"line":209,"column":53}},"type":"binary-expr","locations":[{"start":{"line":209,"column":15},"end":{"line":209,"column":26}},{"start":{"line":209,"column":30},"end":{"line":209,"column":53}}]}},"s":{"0":1,"1":1,"2":1,"3":1,"4":1,"5":1,"6":1,"7":1,"8":1,"9":0,"10":0,"11":0,"12":0,"13":0,"14":0,"15":0,"16":0,"17":0,"18":0,"19":0,"20":0,"21":0,"22":0,"23":0,"24":0,"25":0,"26":0,"27":0,"28":0,"29":0,"30":0,"31":0,"32":0,"33":0,"34":0,"35":0,"36":0,"37":0,"38":0,"39":0,"40":0,"41":0,"42":0,"43":0,"44":0,"45":0,"46":0,"47":0,"48":0,"49":0,"50":0,"51":0,"52":0,"53":0,"54":0,"55":0,"56":0,"57":0,"58":0,"59":0,"60":0,"61":0,"62":0,"63":0,"64":0,"65":0,"66":0,"67":0,"68":0,"69":0,"70":0,"71":0,"72":0,"73":0,"74":0,"75":0,"76":0},"f":{"0":0,"1":0,"2":0,"3":0,"4":0,"5":0,"6":0},"b":{"0":[0,0],"1":[0,0],"2":[0,0],"3":[0,0],"4":[0,0],"5":[0,0],"6":[0,0],"7":[0,0],"8":[0,0],"9":[0,0],"10":[0,0],"11":[0,0],"12":[0,0],"13":[0,0],"14":[0,0],"15":[0,0],"16":[0,0],"17":[0,0],"18":[0,0],"19":[0,0],"20":[0,0]}}
,"C:\\dev\\tes\\backend\\src\\middlewares\\auth.middleware.ts": {"path":"C:\\dev\\tes\\backend\\src\\middlewares\\auth.middleware.ts","statementMap":{"0":{"start":{"line":12,"column":0},"end":{"line":12,"column":16}},"1":{"start":{"line":25,"column":0},"end":{"line":25,"column":16}},"2":{"start":{"line":2,"column":0},"end":{"line":2,"column":31}},"3":{"start":{"line":13,"column":16},"end":{"line":13,"column":56}},"4":{"start":{"line":14,"column":2},"end":{"line":14,"column":71}},"5":{"start":{"line":14,"column":14},"end":{"line":14,"column":71}},"6":{"start":{"line":16,"column":2},"end":{"line":22,"column":3}},"7":{"start":{"line":17,"column":20},"end":{"line":17,"column":69}},"8":{"start":{"line":18,"column":4},"end":{"line":18,"column":58}},"9":{"start":{"line":19,"column":4},"end":{"line":19,"column":11}},"10":{"start":{"line":21,"column":4},"end":{"line":21,"column":62}},"11":{"start":{"line":26,"column":2},"end":{"line":31,"column":4}},"12":{"start":{"line":27,"column":4},"end":{"line":29,"column":5}},"13":{"start":{"line":28,"column":6},"end":{"line":28,"column":60}},"14":{"start":{"line":30,"column":4},"end":{"line":30,"column":11}}},"fnMap":{"0":{"name":"authenticate","decl":{"start":{"line":12,"column":16},"end":{"line":12,"column":28}},"loc":{"start":{"line":12,"column":76},"end":{"line":23,"column":1}}},"1":{"name":"authorize","decl":{"start":{"line":25,"column":16},"end":{"line":25,"column":25}},"loc":{"start":{"line":25,"column":53},"end":{"line":32,"column":1}}},"2":{"name":"(anonymous_3)","decl":{"start":{"line":26,"column":9},"end":{"line":26,"column":10}},"loc":{"start":{"line":26,"column":61},"end":{"line":31,"column":3}}}},"branchMap":{"0":{"loc":{"start":{"line":14,"column":2},"end":{"line":14,"column":71}},"type":"if","locations":[{"start":{"line":14,"column":2},"end":{"line":14,"column":71}},{"start":{},"end":{}}]},"1":{"loc":{"start":{"line":27,"column":4},"end":{"line":29,"column":5}},"type":"if","locations":[{"start":{"line":27,"column":4},"end":{"line":29,"column":5}},{"start":{},"end":{}}]},"2":{"loc":{"start":{"line":27,"column":8},"end":{"line":27,"column":51}},"type":"binary-expr","locations":[{"start":{"line":27,"column":8},"end":{"line":27,"column":17}},{"start":{"line":27,"column":21},"end":{"line":27,"column":51}}]}},"s":{"0":1,"1":1,"2":1,"3":0,"4":0,"5":0,"6":0,"7":0,"8":0,"9":0,"10":0,"11":8,"12":0,"13":0,"14":0},"f":{"0":0,"1":8,"2":0},"b":{"0":[0,0],"1":[0,0],"2":[0,0]}}
,"C:\\dev\\tes\\backend\\src\\middlewares\\errorHandler.middleware.ts": {"path":"C:\\dev\\tes\\backend\\src\\middlewares\\errorHandler.middleware.ts","statementMap":{"0":{"start":{"line":3,"column":0},"end":{"line":3,"column":16}},"1":{"start":{"line":5,"column":2},"end":{"line":15,"column":3}},"2":{"start":{"line":6,"column":48},"end":{"line":6,"column":50}},"3":{"start":{"line":7,"column":4},"end":{"line":9,"column":7}},"4":{"start":{"line":8,"column":6},"end":{"line":8,"column":41}},"5":{"start":{"line":11,"column":4},"end":{"line":14,"column":7}},"6":{"start":{"line":18,"column":2},"end":{"line":20,"column":3}},"7":{"start":{"line":19,"column":4},"end":{"line":19,"column":69}},"8":{"start":{"line":23,"column":2},"end":{"line":23,"column":58}}},"fnMap":{"0":{"name":"errorHandler","decl":{"start":{"line":3,"column":16},"end":{"line":3,"column":28}},"loc":{"start":{"line":3,"column":86},"end":{"line":24,"column":1}}},"1":{"name":"(anonymous_1)","decl":{"start":{"line":7,"column":23},"end":{"line":7,"column":24}},"loc":{"start":{"line":7,"column":34},"end":{"line":9,"column":5}}}},"branchMap":{"0":{"loc":{"start":{"line":5,"column":2},"end":{"line":15,"column":3}},"type":"if","locations":[{"start":{"line":5,"column":2},"end":{"line":15,"column":3}},{"start":{},"end":{}}]},"1":{"loc":{"start":{"line":5,"column":6},"end":{"line":5,"column":43}},"type":"binary-expr","locations":[{"start":{"line":5,"column":6},"end":{"line":5,"column":29}},{"start":{"line":5,"column":33},"end":{"line":5,"column":43}}]},"2":{"loc":{"start":{"line":18,"column":2},"end":{"line":20,"column":3}},"type":"if","locations":[{"start":{"line":18,"column":2},"end":{"line":20,"column":3}},{"start":{},"end":{}}]},"3":{"loc":{"start":{"line":18,"column":6},"end":{"line":18,"column":35}},"type":"binary-expr","locations":[{"start":{"line":18,"column":6},"end":{"line":18,"column":20}},{"start":{"line":18,"column":24},"end":{"line":18,"column":35}}]}},"s":{"0":1,"1":0,"2":0,"3":0,"4":0,"5":0,"6":0,"7":0,"8":0},"f":{"0":0,"1":0},"b":{"0":[0,0],"1":[0,0],"2":[0,0],"3":[0,0]}}
,"C:\\dev\\tes\\backend\\src\\middlewares\\rateLimiter.middleware.ts": {"path":"C:\\dev\\tes\\backend\\src\\middlewares\\rateLimiter.middleware.ts","statementMap":{"0":{"start":{"line":1,"column":0},"end":{"line":1,"column":43}},"1":{"start":{"line":3,"column":13},"end":{"line":11,"column":3}}},"fnMap":{},"branchMap":{},"s":{"0":1,"1":1},"f":{},"b":{}}
,"C:\\dev\\tes\\backend\\src\\prisma\\client.ts": {"path":"C:\\dev\\tes\\backend\\src\\prisma\\client.ts","statementMap":{"0":{"start":{"line":1,"column":0},"end":{"line":1,"column":46}},"1":{"start":{"line":2,"column":13},"end":{"line":2,"column":41}}},"fnMap":{},"branchMap":{},"s":{"0":3,"1":3},"f":{},"b":{}}
,"C:\\dev\\tes\\backend\\src\\repositories\\audit.repo.ts": {"path":"C:\\dev\\tes\\backend\\src\\repositories\\audit.repo.ts","statementMap":{"0":{"start":{"line":3,"column":0},"end":{"line":3,"column":7}},"1":{"start":{"line":30,"column":0},"end":{"line":30,"column":7}},"2":{"start":{"line":1,"column":0},"end":{"line":1,"column":42}},"3":{"start":{"line":18,"column":2},"end":{"line":27,"column":5}},"4":{"start":{"line":31,"column":24},"end":{"line":38,"column":4}},"5":{"start":{"line":40,"column":2},"end":{"line":40,"column":23}}},"fnMap":{"0":{"name":"logAudit","decl":{"start":{"line":3,"column":22},"end":{"line":3,"column":30}},"loc":{"start":{"line":17,"column":1},"end":{"line":28,"column":1}}},"1":{"name":"getAuditLogsFromDB","decl":{"start":{"line":30,"column":22},"end":{"line":30,"column":40}},"loc":{"start":{"line":30,"column":67},"end":{"line":41,"column":1}}}},"branchMap":{},"s":{"0":2,"1":2,"2":2,"3":0,"4":0,"5":0},"f":{"0":0,"1":0},"b":{}}
,"C:\\dev\\tes\\backend\\src\\repositories\\user.repo.ts": {"path":"C:\\dev\\tes\\backend\\src\\repositories\\user.repo.ts","statementMap":{"0":{"start":{"line":14,"column":0},"end":{"line":14,"column":7}},"1":{"start":{"line":52,"column":0},"end":{"line":52,"column":7}},"2":{"start":{"line":69,"column":0},"end":{"line":69,"column":7}},"3":{"start":{"line":82,"column":0},"end":{"line":82,"column":7}},"4":{"start":{"line":93,"column":0},"end":{"line":93,"column":7}},"5":{"start":{"line":118,"column":0},"end":{"line":118,"column":7}},"6":{"start":{"line":136,"column":0},"end":{"line":136,"column":7}},"7":{"start":{"line":143,"column":0},"end":{"line":143,"column":7}},"8":{"start":{"line":1,"column":0},"end":{"line":1,"column":42}},"9":{"start":{"line":24,"column":6},"end":{"line":24,"column":12}},"10":{"start":{"line":26,"column":21},"end":{"line":26,"column":40}},"11":{"start":{"line":28,"column":2},"end":{"line":30,"column":3}},"12":{"start":{"line":29,"column":4},"end":{"line":29,"column":74}},"13":{"start":{"line":32,"column":2},"end":{"line":32,"column":30}},"14":{"start":{"line":32,"column":12},"end":{"line":32,"column":30}},"15":{"start":{"line":34,"column":2},"end":{"line":38,"column":3}},"16":{"start":{"line":35,"column":4},"end":{"line":35,"column":25}},"17":{"start":{"line":36,"column":4},"end":{"line":36,"column":55}},"18":{"start":{"line":36,"column":21},"end":{"line":36,"column":55}},"19":{"start":{"line":37,"column":4},"end":{"line":37,"column":51}},"20":{"start":{"line":37,"column":19},"end":{"line":37,"column":51}},"21":{"start":{"line":40,"column":20},"end":{"line":40,"column":54}},"22":{"start":{"line":42,"column":16},"end":{"line":47,"column":4}},"23":{"start":{"line":49,"column":2},"end":{"line":49,"column":30}},"24":{"start":{"line":53,"column":2},"end":{"line":66,"column":5}},"25":{"start":{"line":70,"column":2},"end":{"line":79,"column":5}},"26":{"start":{"line":83,"column":19},"end":{"line":89,"column":4}},"27":{"start":{"line":90,"column":2},"end":{"line":90,"column":20}},"28":{"start":{"line":100,"column":2},"end":{"line":115,"column":5}},"29":{"start":{"line":122,"column":2},"end":{"line":133,"column":5}},"30":{"start":{"line":137,"column":2},"end":{"line":140,"column":5}},"31":{"start":{"line":144,"column":2},"end":{"line":149,"column":5}}},"fnMap":{"0":{"name":"getListUserFromDB","decl":{"start":{"line":14,"column":22},"end":{"line":14,"column":39}},"loc":{"start":{"line":14,"column":65},"end":{"line":50,"column":1}}},"1":{"name":"getUserByIdFromDB","decl":{"start":{"line":52,"column":22},"end":{"line":52,"column":39}},"loc":{"start":{"line":52,"column":50},"end":{"line":67,"column":1}}},"2":{"name":"getActiveUserById","decl":{"start":{"line":69,"column":22},"end":{"line":69,"column":39}},"loc":{"start":{"line":69,"column":50},"end":{"line":80,"column":1}}},"3":{"name":"isUsernameTaken","decl":{"start":{"line":82,"column":22},"end":{"line":82,"column":37}},"loc":{"start":{"line":82,"column":54},"end":{"line":91,"column":1}}},"4":{"name":"createUserToDB","decl":{"start":{"line":93,"column":22},"end":{"line":93,"column":36}},"loc":{"start":{"line":99,"column":1},"end":{"line":116,"column":1}}},"5":{"name":"updateUserInDB","decl":{"start":{"line":118,"column":22},"end":{"line":118,"column":36}},"loc":{"start":{"line":120,"column":75},"end":{"line":134,"column":1}}},"6":{"name":"updateUserPasswordInDB","decl":{"start":{"line":136,"column":22},"end":{"line":136,"column":44}},"loc":{"start":{"line":136,"column":79},"end":{"line":141,"column":1}}},"7":{"name":"softDeleteUserById","decl":{"start":{"line":143,"column":22},"end":{"line":143,"column":40}},"loc":{"start":{"line":143,"column":51},"end":{"line":150,"column":1}}}},"branchMap":{"0":{"loc":{"start":{"line":22,"column":4},"end":{"line":22,"column":24}},"type":"default-arg","locations":[{"start":{"line":22,"column":13},"end":{"line":22,"column":24}}]},"1":{"loc":{"start":{"line":23,"column":4},"end":{"line":23,"column":20}},"type":"default-arg","locations":[{"start":{"line":23,"column":14},"end":{"line":23,"column":20}}]},"2":{"loc":{"start":{"line":28,"column":2},"end":{"line":30,"column":3}},"type":"if","locations":[{"start":{"line":28,"column":2},"end":{"line":30,"column":3}},{"start":{},"end":{}}]},"3":{"loc":{"start":{"line":32,"column":2},"end":{"line":32,"column":30}},"type":"if","locations":[{"start":{"line":32,"column":2},"end":{"line":32,"column":30}},{"start":{},"end":{}}]},"4":{"loc":{"start":{"line":34,"column":2},"end":{"line":38,"column":3}},"type":"if","locations":[{"start":{"line":34,"column":2},"end":{"line":38,"column":3}},{"start":{},"end":{}}]},"5":{"loc":{"start":{"line":34,"column":6},"end":{"line":34,"column":30}},"type":"binary-expr","locations":[{"start":{"line":34,"column":6},"end":{"line":34,"column":17}},{"start":{"line":34,"column":21},"end":{"line":34,"column":30}}]},"6":{"loc":{"start":{"line":36,"column":4},"end":{"line":36,"column":55}},"type":"if","locations":[{"start":{"line":36,"column":4},"end":{"line":36,"column":55}},{"start":{},"end":{}}]},"7":{"loc":{"start":{"line":37,"column":4},"end":{"line":37,"column":51}},"type":"if","locations":[{"start":{"line":37,"column":4},"end":{"line":37,"column":51}},{"start":{},"end":{}}]}},"s":{"0":2,"1":2,"2":2,"3":2,"4":2,"5":2,"6":2,"7":2,"8":2,"9":0,"10":0,"11":0,"12":0,"13":0,"14":0,"15":0,"16":0,"17":0,"18":0,"19":0,"20":0,"21":0,"22":0,"23":0,"24":0,"25":0,"26":0,"27":0,"28":0,"29":0,"30":0,"31":0},"f":{"0":0,"1":0,"2":0,"3":0,"4":0,"5":0,"6":0,"7":0},"b":{"0":[0],"1":[0],"2":[0,0],"3":[0,0],"4":[0,0],"5":[0,0],"6":[0,0],"7":[0,0]}}
,"C:\\dev\\tes\\backend\\src\\routes\\audit.routes.ts": {"path":"C:\\dev\\tes\\backend\\src\\routes\\audit.routes.ts","statementMap":{"0":{"start":{"line":1,"column":0},"end":{"line":1,"column":33}},"1":{"start":{"line":2,"column":0},"end":{"line":2,"column":73}},"2":{"start":{"line":3,"column":0},"end":{"line":3,"column":73}},"3":{"start":{"line":5,"column":15},"end":{"line":5,"column":23}},"4":{"start":{"line":79,"column":0},"end":{"line":79,"column":76}},"5":{"start":{"line":81,"column":0},"end":{"line":81,"column":22}}},"fnMap":{},"branchMap":{},"s":{"0":1,"1":1,"2":1,"3":1,"4":1,"5":1},"f":{},"b":{}}
,"C:\\dev\\tes\\backend\\src\\routes\\auth.routes.ts": {"path":"C:\\dev\\tes\\backend\\src\\routes\\auth.routes.ts","statementMap":{"0":{"start":{"line":1,"column":0},"end":{"line":1,"column":33}},"1":{"start":{"line":2,"column":0},"end":{"line":2,"column":null}},"2":{"start":{"line":8,"column":15},"end":{"line":8,"column":23}},"3":{"start":{"line":35,"column":0},"end":{"line":35,"column":39}},"4":{"start":{"line":102,"column":0},"end":{"line":102,"column":48}},"5":{"start":{"line":146,"column":0},"end":{"line":146,"column":41}},"6":{"start":{"line":148,"column":0},"end":{"line":148,"column":22}}},"fnMap":{},"branchMap":{},"s":{"0":1,"1":1,"2":1,"3":1,"4":1,"5":1,"6":1},"f":{},"b":{}}
,"C:\\dev\\tes\\backend\\src\\routes\\user.routes.ts": {"path":"C:\\dev\\tes\\backend\\src\\routes\\user.routes.ts","statementMap":{"0":{"start":{"line":1,"column":0},"end":{"line":1,"column":33}},"1":{"start":{"line":2,"column":0},"end":{"line":2,"column":null}},"2":{"start":{"line":11,"column":0},"end":{"line":11,"column":73}},"3":{"start":{"line":13,"column":15},"end":{"line":13,"column":23}},"4":{"start":{"line":117,"column":0},"end":{"line":117,"column":83}},"5":{"start":{"line":141,"column":0},"end":{"line":141,"column":82}},"6":{"start":{"line":190,"column":0},"end":{"line":190,"column":75}},"7":{"start":{"line":230,"column":0},"end":{"line":230,"column":85}},"8":{"start":{"line":272,"column":0},"end":{"line":272,"column":80}},"9":{"start":{"line":309,"column":0},"end":{"line":309,"column":94}},"10":{"start":{"line":352,"column":0},"end":{"line":352,"column":95}},"11":{"start":{"line":354,"column":0},"end":{"line":354,"column":22}}},"fnMap":{},"branchMap":{},"s":{"0":1,"1":1,"2":1,"3":1,"4":1,"5":1,"6":1,"7":1,"8":1,"9":1,"10":1,"11":1},"f":{},"b":{}}
,"C:\\dev\\tes\\backend\\src\\services\\audit.service.ts": {"path":"C:\\dev\\tes\\backend\\src\\services\\audit.service.ts","statementMap":{"0":{"start":{"line":3,"column":0},"end":{"line":3,"column":7}},"1":{"start":{"line":1,"column":0},"end":{"line":1,"column":64}},"2":{"start":{"line":4,"column":15},"end":{"line":4,"column":33}},"3":{"start":{"line":5,"column":41},"end":{"line":5,"column":78}},"4":{"start":{"line":7,"column":2},"end":{"line":13,"column":4}}},"fnMap":{"0":{"name":"getAuditLogsService","decl":{"start":{"line":3,"column":22},"end":{"line":3,"column":41}},"loc":{"start":{"line":3,"column":90},"end":{"line":14,"column":1}}}},"branchMap":{},"s":{"0":1,"1":1,"2":0,"3":0,"4":0},"f":{"0":0},"b":{}}
,"C:\\dev\\tes\\backend\\src\\services\\auth.service.ts": {"path":"C:\\dev\\tes\\backend\\src\\services\\auth.service.ts","statementMap":{"0":{"start":{"line":20,"column":0},"end":{"line":20,"column":7}},"1":{"start":{"line":43,"column":0},"end":{"line":43,"column":7}},"2":{"start":{"line":71,"column":0},"end":{"line":71,"column":7}},"3":{"start":{"line":1,"column":0},"end":{"line":1,"column":42}},"4":{"start":{"line":2,"column":0},"end":{"line":2,"column":30}},"5":{"start":{"line":3,"column":0},"end":{"line":3,"column":null}},"6":{"start":{"line":13,"column":23},"end":{"line":13,"column":69}},"7":{"start":{"line":21,"column":15},"end":{"line":21,"column":68}},"8":{"start":{"line":22,"column":2},"end":{"line":24,"column":3}},"9":{"start":{"line":23,"column":4},"end":{"line":23,"column":52}},"10":{"start":{"line":26,"column":31},"end":{"line":29,"column":4}},"11":{"start":{"line":31,"column":23},"end":{"line":31,"column":58}},"12":{"start":{"line":33,"column":51},"end":{"line":33,"column":55}},"13":{"start":{"line":35,"column":2},"end":{"line":40,"column":4}},"14":{"start":{"line":44,"column":18},"end":{"line":44,"column":56}},"15":{"start":{"line":45,"column":16},"end":{"line":45,"column":74}},"16":{"start":{"line":46,"column":2},"end":{"line":48,"column":3}},"17":{"start":{"line":47,"column":4},"end":{"line":47,"column":93}},"18":{"start":{"line":50,"column":2},"end":{"line":50,"column":44}},"19":{"start":{"line":52,"column":15},"end":{"line":55,"column":4}},"20":{"start":{"line":57,"column":2},"end":{"line":59,"column":3}},"21":{"start":{"line":58,"column":4},"end":{"line":58,"column":63}},"22":{"start":{"line":61,"column":17},"end":{"line":61,"column":81}},"23":{"start":{"line":62,"column":26},"end":{"line":62,"column":68}},"24":{"start":{"line":64,"column":2},"end":{"line":68,"column":4}},"25":{"start":{"line":72,"column":18},"end":{"line":72,"column":56}},"26":{"start":{"line":73,"column":2},"end":{"line":73,"column":44}},"27":{"start":{"line":74,"column":2},"end":{"line":74,"column":40}}},"fnMap":{"0":{"name":"loginService","decl":{"start":{"line":20,"column":22},"end":{"line":20,"column":34}},"loc":{"start":{"line":20,"column":69},"end":{"line":41,"column":1}}},"1":{"name":"refreshTokenService","decl":{"start":{"line":43,"column":22},"end":{"line":43,"column":41}},"loc":{"start":{"line":43,"column":62},"end":{"line":69,"column":1}}},"2":{"name":"logoutService","decl":{"start":{"line":71,"column":22},"end":{"line":71,"column":35}},"loc":{"start":{"line":71,"column":56},"end":{"line":75,"column":1}}}},"branchMap":{"0":{"loc":{"start":{"line":13,"column":23},"end":{"line":13,"column":69}},"type":"binary-expr","locations":[{"start":{"line":13,"column":23},"end":{"line":13,"column":49}},{"start":{"line":13,"column":53},"end":{"line":13,"column":69}}]},"1":{"loc":{"start":{"line":22,"column":2},"end":{"line":24,"column":3}},"type":"if","locations":[{"start":{"line":22,"column":2},"end":{"line":24,"column":3}},{"start":{},"end":{}}]},"2":{"loc":{"start":{"line":22,"column":6},"end":{"line":22,"column":67}},"type":"binary-expr","locations":[{"start":{"line":22,"column":6},"end":{"line":22,"column":11}},{"start":{"line":22,"column":15},"end":{"line":22,"column":67}}]},"3":{"loc":{"start":{"line":46,"column":2},"end":{"line":48,"column":3}},"type":"if","locations":[{"start":{"line":46,"column":2},"end":{"line":48,"column":3}},{"start":{},"end":{}}]},"4":{"loc":{"start":{"line":57,"column":2},"end":{"line":59,"column":3}},"type":"if","locations":[{"start":{"line":57,"column":2},"end":{"line":59,"column":3}},{"start":{},"end":{}}]}},"s":{"0":2,"1":2,"2":2,"3":2,"4":2,"5":2,"6":2,"7":4,"8":4,"9":2,"10":2,"11":2,"12":2,"13":2,"14":3,"15":3,"16":3,"17":1,"18":2,"19":2,"20":2,"21":1,"22":1,"23":1,"24":1,"25":1,"26":1,"27":1},"f":{"0":4,"1":3,"2":1},"b":{"0":[2,1],"1":[2,2],"2":[4,3],"3":[1,2],"4":[1,1]}}
,"C:\\dev\\tes\\backend\\src\\services\\user.service.ts": {"path":"C:\\dev\\tes\\backend\\src\\services\\user.service.ts","statementMap":{"0":{"start":{"line":23,"column":0},"end":{"line":23,"column":7}},"1":{"start":{"line":72,"column":0},"end":{"line":72,"column":7}},"2":{"start":{"line":85,"column":0},"end":{"line":85,"column":7}},"3":{"start":{"line":126,"column":0},"end":{"line":126,"column":7}},"4":{"start":{"line":183,"column":0},"end":{"line":183,"column":7}},"5":{"start":{"line":228,"column":0},"end":{"line":228,"column":7}},"6":{"start":{"line":282,"column":0},"end":{"line":282,"column":7}},"7":{"start":{"line":1,"column":0},"end":{"line":1,"column":45}},"8":{"start":{"line":2,"column":0},"end":{"line":2,"column":47}},"9":{"start":{"line":3,"column":0},"end":{"line":3,"column":null}},"10":{"start":{"line":10,"column":0},"end":{"line":10,"column":null}},"11":{"start":{"line":20,"column":0},"end":{"line":20,"column":54}},"12":{"start":{"line":21,"column":0},"end":{"line":21,"column":30}},"13":{"start":{"line":24,"column":14},"end":{"line":24,"column":16}},"14":{"start":{"line":25,"column":17},"end":{"line":25,"column":54}},"15":{"start":{"line":26,"column":41},"end":{"line":26,"column":43}},"16":{"start":{"line":28,"column":2},"end":{"line":34,"column":3}},"17":{"start":{"line":29,"column":4},"end":{"line":32,"column":5}},"18":{"start":{"line":30,"column":20},"end":{"line":30,"column":41}},"19":{"start":{"line":31,"column":6},"end":{"line":31,"column":36}},"20":{"start":{"line":33,"column":4},"end":{"line":33,"column":51}},"21":{"start":{"line":36,"column":16},"end":{"line":36,"column":27}},"22":{"start":{"line":37,"column":19},"end":{"line":37,"column":50}},"23":{"start":{"line":38,"column":17},"end":{"line":38,"column":42}},"24":{"start":{"line":39,"column":2},"end":{"line":45,"column":3}},"25":{"start":{"line":40,"column":19},"end":{"line":40,"column":37}},"26":{"start":{"line":41,"column":4},"end":{"line":44,"column":6}},"27":{"start":{"line":47,"column":31},"end":{"line":47,"column":61}},"28":{"start":{"line":48,"column":20},"end":{"line":48,"column":54}},"29":{"start":{"line":50,"column":19},"end":{"line":58,"column":4}},"30":{"start":{"line":60,"column":2},"end":{"line":65,"column":3}},"31":{"start":{"line":61,"column":4},"end":{"line":64,"column":7}},"32":{"start":{"line":66,"column":2},"end":{"line":69,"column":4}},"33":{"start":{"line":73,"column":14},"end":{"line":73,"column":16}},"34":{"start":{"line":74,"column":20},"end":{"line":74,"column":36}},"35":{"start":{"line":75,"column":19},"end":{"line":75,"column":38}},"36":{"start":{"line":76,"column":17},"end":{"line":76,"column":42}},"37":{"start":{"line":77,"column":2},"end":{"line":77,"column":40}},"38":{"start":{"line":77,"column":14},"end":{"line":77,"column":40}},"39":{"start":{"line":79,"column":15},"end":{"line":79,"column":49}},"40":{"start":{"line":80,"column":2},"end":{"line":80,"column":73}},"41":{"start":{"line":80,"column":12},"end":{"line":80,"column":73}},"42":{"start":{"line":82,"column":2},"end":{"line":82,"column":14}},"43":{"start":{"line":86,"column":17},"end":{"line":86,"column":49}},"44":{"start":{"line":87,"column":41},"end":{"line":87,"column":43}},"45":{"start":{"line":89,"column":2},"end":{"line":95,"column":3}},"46":{"start":{"line":90,"column":4},"end":{"line":93,"column":5}},"47":{"start":{"line":91,"column":20},"end":{"line":91,"column":41}},"48":{"start":{"line":92,"column":6},"end":{"line":92,"column":36}},"49":{"start":{"line":94,"column":4},"end":{"line":94,"column":51}},"50":{"start":{"line":97,"column":45},"end":{"line":97,"column":56}},"51":{"start":{"line":99,"column":16},"end":{"line":99,"column":47}},"52":{"start":{"line":100,"column":2},"end":{"line":103,"column":3}},"53":{"start":{"line":101,"column":4},"end":{"line":101,"column":50}},"54":{"start":{"line":102,"column":4},"end":{"line":102,"column":51}},"55":{"start":{"line":105,"column":17},"end":{"line":105,"column":48}},"56":{"start":{"line":106,"column":18},"end":{"line":112,"column":4}},"57":{"start":{"line":114,"column":2},"end":{"line":121,"column":5}},"58":{"start":{"line":123,"column":2},"end":{"line":123,"column":42}},"59":{"start":{"line":131,"column":17},"end":{"line":131,"column":49}},"60":{"start":{"line":132,"column":41},"end":{"line":132,"column":43}},"61":{"start":{"line":134,"column":2},"end":{"line":140,"column":3}},"62":{"start":{"line":135,"column":4},"end":{"line":138,"column":5}},"63":{"start":{"line":136,"column":20},"end":{"line":136,"column":41}},"64":{"start":{"line":137,"column":6},"end":{"line":137,"column":36}},"65":{"start":{"line":139,"column":4},"end":{"line":139,"column":51}},"66":{"start":{"line":142,"column":15},"end":{"line":142,"column":26}},"67":{"start":{"line":145,"column":2},"end":{"line":147,"column":3}},"68":{"start":{"line":146,"column":4},"end":{"line":146,"column":90}},"69":{"start":{"line":150,"column":2},"end":{"line":153,"column":3}},"70":{"start":{"line":151,"column":4},"end":{"line":151,"column":47}},"71":{"start":{"line":152,"column":4},"end":{"line":152,"column":51}},"72":{"start":{"line":156,"column":21},"end":{"line":156,"column":58}},"73":{"start":{"line":157,"column":2},"end":{"line":159,"column":3}},"74":{"start":{"line":158,"column":4},"end":{"line":158,"column":68}},"75":{"start":{"line":162,"column":2},"end":{"line":168,"column":3}},"76":{"start":{"line":163,"column":18},"end":{"line":163,"column":54}},"77":{"start":{"line":164,"column":4},"end":{"line":167,"column":5}},"78":{"start":{"line":165,"column":6},"end":{"line":165,"column":52}},"79":{"start":{"line":166,"column":6},"end":{"line":166,"column":53}},"80":{"start":{"line":170,"column":18},"end":{"line":170,"column":58}},"81":{"start":{"line":171,"column":2},"end":{"line":178,"column":5}},"82":{"start":{"line":180,"column":2},"end":{"line":180,"column":42}},"83":{"start":{"line":188,"column":17},"end":{"line":188,"column":57}},"84":{"start":{"line":189,"column":41},"end":{"line":189,"column":43}},"85":{"start":{"line":191,"column":2},"end":{"line":197,"column":3}},"86":{"start":{"line":192,"column":4},"end":{"line":195,"column":5}},"87":{"start":{"line":193,"column":20},"end":{"line":193,"column":41}},"88":{"start":{"line":194,"column":6},"end":{"line":194,"column":36}},"89":{"start":{"line":196,"column":4},"end":{"line":196,"column":51}},"90":{"start":{"line":199,"column":23},"end":{"line":199,"column":34}},"91":{"start":{"line":202,"column":2},"end":{"line":204,"column":3}},"92":{"start":{"line":203,"column":4},"end":{"line":203,"column":91}},"93":{"start":{"line":207,"column":21},"end":{"line":207,"column":58}},"94":{"start":{"line":208,"column":2},"end":{"line":210,"column":3}},"95":{"start":{"line":209,"column":4},"end":{"line":209,"column":68}},"96":{"start":{"line":213,"column":25},"end":{"line":213,"column":56}},"97":{"start":{"line":215,"column":18},"end":{"line":215,"column":76}},"98":{"start":{"line":216,"column":2},"end":{"line":223,"column":5}},"99":{"start":{"line":225,"column":2},"end":{"line":225,"column":42}},"100":{"start":{"line":233,"column":17},"end":{"line":233,"column":49}},"101":{"start":{"line":234,"column":41},"end":{"line":234,"column":43}},"102":{"start":{"line":236,"column":2},"end":{"line":241,"column":3}},"103":{"start":{"line":237,"column":4},"end":{"line":239,"column":5}},"104":{"start":{"line":238,"column":6},"end":{"line":238,"column":52}},"105":{"start":{"line":240,"column":4},"end":{"line":240,"column":51}},"106":{"start":{"line":243,"column":2},"end":{"line":245,"column":3}},"107":{"start":{"line":244,"column":4},"end":{"line":244,"column":81}},"108":{"start":{"line":247,"column":2},"end":{"line":249,"column":3}},"109":{"start":{"line":248,"column":4},"end":{"line":248,"column":69}},"110":{"start":{"line":251,"column":21},"end":{"line":251,"column":58}},"111":{"start":{"line":252,"column":2},"end":{"line":254,"column":3}},"112":{"start":{"line":253,"column":4},"end":{"line":253,"column":76}},"113":{"start":{"line":256,"column":16},"end":{"line":256,"column":90}},"114":{"start":{"line":257,"column":2},"end":{"line":260,"column":3}},"115":{"start":{"line":258,"column":4},"end":{"line":258,"column":57}},"116":{"start":{"line":259,"column":4},"end":{"line":259,"column":51}},"117":{"start":{"line":262,"column":17},"end":{"line":262,"column":54}},"118":{"start":{"line":264,"column":2},"end":{"line":264,"column":41}},"119":{"start":{"line":266,"column":2},"end":{"line":273,"column":5}},"120":{"start":{"line":275,"column":2},"end":{"line":279,"column":4}},"121":{"start":{"line":283,"column":17},"end":{"line":283,"column":54}},"122":{"start":{"line":284,"column":2},"end":{"line":286,"column":3}},"123":{"start":{"line":285,"column":4},"end":{"line":285,"column":37}},"124":{"start":{"line":288,"column":16},"end":{"line":288,"column":27}},"125":{"start":{"line":289,"column":20},"end":{"line":289,"column":50}},"126":{"start":{"line":291,"column":18},"end":{"line":297,"column":5}},"127":{"start":{"line":291,"column":39},"end":{"line":297,"column":4}},"128":{"start":{"line":299,"column":14},"end":{"line":302,"column":4}},"129":{"start":{"line":304,"column":2},"end":{"line":304,"column":26}}},"fnMap":{"0":{"name":"getListUserService","decl":{"start":{"line":23,"column":22},"end":{"line":23,"column":40}},"loc":{"start":{"line":23,"column":54},"end":{"line":70,"column":1}}},"1":{"name":"getUserDetailService","decl":{"start":{"line":72,"column":22},"end":{"line":72,"column":42}},"loc":{"start":{"line":72,"column":53},"end":{"line":83,"column":1}}},"2":{"name":"createUserService","decl":{"start":{"line":85,"column":22},"end":{"line":85,"column":39}},"loc":{"start":{"line":85,"column":68},"end":{"line":124,"column":1}}},"3":{"name":"updateUserService","decl":{"start":{"line":126,"column":22},"end":{"line":126,"column":39}},"loc":{"start":{"line":129,"column":11},"end":{"line":181,"column":1}}},"4":{"name":"updateUserPasswordService","decl":{"start":{"line":183,"column":22},"end":{"line":183,"column":47}},"loc":{"start":{"line":186,"column":11},"end":{"line":226,"column":1}}},"5":{"name":"deleteUserService","decl":{"start":{"line":228,"column":22},"end":{"line":228,"column":39}},"loc":{"start":{"line":231,"column":11},"end":{"line":280,"column":1}}},"6":{"name":"exportUserCSVService","decl":{"start":{"line":282,"column":22},"end":{"line":282,"column":42}},"loc":{"start":{"line":282,"column":56},"end":{"line":305,"column":1}}},"7":{"name":"(anonymous_8)","decl":{"start":{"line":291,"column":28},"end":{"line":291,"column":29}},"loc":{"start":{"line":291,"column":39},"end":{"line":297,"column":4}}}},"branchMap":{"0":{"loc":{"start":{"line":28,"column":2},"end":{"line":34,"column":3}},"type":"if","locations":[{"start":{"line":28,"column":2},"end":{"line":34,"column":3}},{"start":{},"end":{}}]},"1":{"loc":{"start":{"line":39,"column":2},"end":{"line":45,"column":3}},"type":"if","locations":[{"start":{"line":39,"column":2},"end":{"line":45,"column":3}},{"start":{},"end":{}}]},"2":{"loc":{"start":{"line":60,"column":2},"end":{"line":65,"column":3}},"type":"if","locations":[{"start":{"line":60,"column":2},"end":{"line":65,"column":3}},{"start":{},"end":{}}]},"3":{"loc":{"start":{"line":60,"column":6},"end":{"line":60,"column":43}},"type":"binary-expr","locations":[{"start":{"line":60,"column":6},"end":{"line":60,"column":14}},{"start":{"line":60,"column":18},"end":{"line":60,"column":43}}]},"4":{"loc":{"start":{"line":77,"column":2},"end":{"line":77,"column":40}},"type":"if","locations":[{"start":{"line":77,"column":2},"end":{"line":77,"column":40}},{"start":{},"end":{}}]},"5":{"loc":{"start":{"line":80,"column":2},"end":{"line":80,"column":73}},"type":"if","locations":[{"start":{"line":80,"column":2},"end":{"line":80,"column":73}},{"start":{},"end":{}}]},"6":{"loc":{"start":{"line":89,"column":2},"end":{"line":95,"column":3}},"type":"if","locations":[{"start":{"line":89,"column":2},"end":{"line":95,"column":3}},{"start":{},"end":{}}]},"7":{"loc":{"start":{"line":100,"column":2},"end":{"line":103,"column":3}},"type":"if","locations":[{"start":{"line":100,"column":2},"end":{"line":103,"column":3}},{"start":{},"end":{}}]},"8":{"loc":{"start":{"line":134,"column":2},"end":{"line":140,"column":3}},"type":"if","locations":[{"start":{"line":134,"column":2},"end":{"line":140,"column":3}},{"start":{},"end":{}}]},"9":{"loc":{"start":{"line":145,"column":2},"end":{"line":147,"column":3}},"type":"if","locations":[{"start":{"line":145,"column":2},"end":{"line":147,"column":3}},{"start":{},"end":{}}]},"10":{"loc":{"start":{"line":145,"column":6},"end":{"line":145,"column":65}},"type":"binary-expr","locations":[{"start":{"line":145,"column":6},"end":{"line":145,"column":32}},{"start":{"line":145,"column":36},"end":{"line":145,"column":65}}]},"11":{"loc":{"start":{"line":150,"column":2},"end":{"line":153,"column":3}},"type":"if","locations":[{"start":{"line":150,"column":2},"end":{"line":153,"column":3}},{"start":{},"end":{}}]},"12":{"loc":{"start":{"line":150,"column":6},"end":{"line":150,"column":50}},"type":"binary-expr","locations":[{"start":{"line":150,"column":6},"end":{"line":150,"column":32}},{"start":{"line":150,"column":36},"end":{"line":150,"column":50}}]},"13":{"loc":{"start":{"line":157,"column":2},"end":{"line":159,"column":3}},"type":"if","locations":[{"start":{"line":157,"column":2},"end":{"line":159,"column":3}},{"start":{},"end":{}}]},"14":{"loc":{"start":{"line":162,"column":2},"end":{"line":168,"column":3}},"type":"if","locations":[{"start":{"line":162,"column":2},"end":{"line":168,"column":3}},{"start":{},"end":{}}]},"15":{"loc":{"start":{"line":162,"column":6},"end":{"line":162,"column":60}},"type":"binary-expr","locations":[{"start":{"line":162,"column":6},"end":{"line":162,"column":19}},{"start":{"line":162,"column":23},"end":{"line":162,"column":60}}]},"16":{"loc":{"start":{"line":164,"column":4},"end":{"line":167,"column":5}},"type":"if","locations":[{"start":{"line":164,"column":4},"end":{"line":167,"column":5}},{"start":{},"end":{}}]},"17":{"loc":{"start":{"line":191,"column":2},"end":{"line":197,"column":3}},"type":"if","locations":[{"start":{"line":191,"column":2},"end":{"line":197,"column":3}},{"start":{},"end":{}}]},"18":{"loc":{"start":{"line":202,"column":2},"end":{"line":204,"column":3}},"type":"if","locations":[{"start":{"line":202,"column":2},"end":{"line":204,"column":3}},{"start":{},"end":{}}]},"19":{"loc":{"start":{"line":202,"column":6},"end":{"line":202,"column":65}},"type":"binary-expr","locations":[{"start":{"line":202,"column":6},"end":{"line":202,"column":32}},{"start":{"line":202,"column":36},"end":{"line":202,"column":65}}]},"20":{"loc":{"start":{"line":208,"column":2},"end":{"line":210,"column":3}},"type":"if","locations":[{"start":{"line":208,"column":2},"end":{"line":210,"column":3}},{"start":{},"end":{}}]},"21":{"loc":{"start":{"line":236,"column":2},"end":{"line":241,"column":3}},"type":"if","locations":[{"start":{"line":236,"column":2},"end":{"line":241,"column":3}},{"start":{},"end":{}}]},"22":{"loc":{"start":{"line":243,"column":2},"end":{"line":245,"column":3}},"type":"if","locations":[{"start":{"line":243,"column":2},"end":{"line":245,"column":3}},{"start":{},"end":{}}]},"23":{"loc":{"start":{"line":247,"column":2},"end":{"line":249,"column":3}},"type":"if","locations":[{"start":{"line":247,"column":2},"end":{"line":249,"column":3}},{"start":{},"end":{}}]},"24":{"loc":{"start":{"line":252,"column":2},"end":{"line":254,"column":3}},"type":"if","locations":[{"start":{"line":252,"column":2},"end":{"line":254,"column":3}},{"start":{},"end":{}}]},"25":{"loc":{"start":{"line":257,"column":2},"end":{"line":260,"column":3}},"type":"if","locations":[{"start":{"line":257,"column":2},"end":{"line":260,"column":3}},{"start":{},"end":{}}]},"26":{"loc":{"start":{"line":284,"column":2},"end":{"line":286,"column":3}},"type":"if","locations":[{"start":{"line":284,"column":2},"end":{"line":286,"column":3}},{"start":{},"end":{}}]}},"s":{"0":2,"1":2,"2":2,"3":2,"4":2,"5":2,"6":2,"7":2,"8":2,"9":2,"10":2,"11":2,"12":2,"13":2,"14":2,"15":2,"16":2,"17":1,"18":1,"19":1,"20":1,"21":1,"22":1,"23":1,"24":1,"25":1,"26":1,"27":0,"28":0,"29":0,"30":0,"31":0,"32":0,"33":2,"34":2,"35":2,"36":2,"37":2,"38":1,"39":1,"40":1,"41":1,"42":1,"43":3,"44":3,"45":3,"46":1,"47":1,"48":1,"49":1,"50":2,"51":2,"52":2,"53":1,"54":1,"55":1,"56":1,"57":1,"58":1,"59":4,"60":4,"61":4,"62":1,"63":1,"64":1,"65":1,"66":3,"67":3,"68":1,"69":2,"70":1,"71":1,"72":1,"73":1,"74":1,"75":0,"76":0,"77":0,"78":0,"79":0,"80":0,"81":0,"82":0,"83":2,"84":2,"85":2,"86":0,"87":0,"88":0,"89":0,"90":2,"91":2,"92":1,"93":1,"94":1,"95":0,"96":1,"97":1,"98":1,"99":1,"100":3,"101":3,"102":3,"103":1,"104":1,"105":1,"106":2,"107":0,"108":2,"109":1,"110":1,"111":1,"112":0,"113":1,"114":1,"115":1,"116":1,"117":0,"118":0,"119":0,"120":0,"121":2,"122":2,"123":1,"124":1,"125":1,"126":1,"127":1,"128":1,"129":1},"f":{"0":2,"1":2,"2":3,"3":4,"4":2,"5":3,"6":2,"7":1},"b":{"0":[1,1],"1":[1,0],"2":[0,0],"3":[0,0],"4":[1,1],"5":[1,0],"6":[1,2],"7":[1,1],"8":[1,3],"9":[1,2],"10":[3,2],"11":[1,1],"12":[2,1],"13":[1,0],"14":[0,0],"15":[0,0],"16":[0,0],"17":[0,2],"18":[1,1],"19":[2,2],"20":[0,1],"21":[1,2],"22":[0,2],"23":[1,1],"24":[0,1],"25":[1,0],"26":[1,1]}}
,"C:\\dev\\tes\\backend\\src\\utils\\jwt.ts": {"path":"C:\\dev\\tes\\backend\\src\\utils\\jwt.ts","statementMap":{"0":{"start":{"line":10,"column":0},"end":{"line":10,"column":16}},"1":{"start":{"line":16,"column":0},"end":{"line":16,"column":7}},"2":{"start":{"line":23,"column":0},"end":{"line":23,"column":7}},"3":{"start":{"line":29,"column":0},"end":{"line":29,"column":7}},"4":{"start":{"line":33,"column":0},"end":{"line":33,"column":7}},"5":{"start":{"line":1,"column":0},"end":{"line":1,"column":31}},"6":{"start":{"line":2,"column":23},"end":{"line":2,"column":38}},"7":{"start":{"line":3,"column":0},"end":{"line":3,"column":45}},"8":{"start":{"line":5,"column":19},"end":{"line":5,"column":61}},"9":{"start":{"line":6,"column":23},"end":{"line":6,"column":69}},"10":{"start":{"line":7,"column":25},"end":{"line":7,"column":30}},"11":{"start":{"line":8,"column":26},"end":{"line":8,"column":42}},"12":{"start":{"line":11,"column":16},"end":{"line":11,"column":78}},"13":{"start":{"line":12,"column":20},"end":{"line":12,"column":71}},"14":{"start":{"line":13,"column":2},"end":{"line":13,"column":30}},"15":{"start":{"line":17,"column":18},"end":{"line":17,"column":26}},"16":{"start":{"line":18,"column":16},"end":{"line":18,"column":95}},"17":{"start":{"line":19,"column":2},"end":{"line":19,"column":75}},"18":{"start":{"line":20,"column":2},"end":{"line":20,"column":15}},"19":{"start":{"line":26,"column":2},"end":{"line":26,"column":82}},"20":{"start":{"line":30,"column":2},"end":{"line":30,"column":40}},"21":{"start":{"line":34,"column":17},"end":{"line":34,"column":54}},"22":{"start":{"line":35,"column":2},"end":{"line":35,"column":45}}},"fnMap":{"0":{"name":"generateAccessToken","decl":{"start":{"line":10,"column":16},"end":{"line":10,"column":35}},"loc":{"start":{"line":10,"column":77},"end":{"line":14,"column":1}}},"1":{"name":"generateRefreshToken","decl":{"start":{"line":16,"column":22},"end":{"line":16,"column":42}},"loc":{"start":{"line":16,"column":57},"end":{"line":21,"column":1}}},"2":{"name":"verifyRefreshToken","decl":{"start":{"line":23,"column":22},"end":{"line":23,"column":40}},"loc":{"start":{"line":24,"column":15},"end":{"line":27,"column":1}}},"3":{"name":"revokeRefreshToken","decl":{"start":{"line":29,"column":22},"end":{"line":29,"column":40}},"loc":{"start":{"line":29,"column":56},"end":{"line":31,"column":1}}},"4":{"name":"isRefreshTokenValid","decl":{"start":{"line":33,"column":22},"end":{"line":33,"column":41}},"loc":{"start":{"line":33,"column":73},"end":{"line":36,"column":1}}}},"branchMap":{"0":{"loc":{"start":{"line":5,"column":19},"end":{"line":5,"column":61}},"type":"binary-expr","locations":[{"start":{"line":5,"column":19},"end":{"line":5,"column":41}},{"start":{"line":5,"column":45},"end":{"line":5,"column":61}}]},"1":{"loc":{"start":{"line":6,"column":23},"end":{"line":6,"column":69}},"type":"binary-expr","locations":[{"start":{"line":6,"column":23},"end":{"line":6,"column":49}},{"start":{"line":6,"column":53},"end":{"line":6,"column":69}}]},"2":{"loc":{"start":{"line":35,"column":9},"end":{"line":35,"column":44}},"type":"binary-expr","locations":[{"start":{"line":35,"column":9},"end":{"line":35,"column":15}},{"start":{"line":35,"column":19},"end":{"line":35,"column":44}}]}},"s":{"0":1,"1":1,"2":1,"3":1,"4":1,"5":1,"6":1,"7":1,"8":1,"9":1,"10":1,"11":1,"12":1,"13":1,"14":1,"15":1,"16":1,"17":1,"18":1,"19":0,"20":0,"21":0,"22":0},"f":{"0":1,"1":1,"2":0,"3":0,"4":0},"b":{"0":[1,0],"1":[1,0],"2":[0,0]}}
,"C:\\dev\\tes\\backend\\src\\utils\\logger.ts": {"path":"C:\\dev\\tes\\backend\\src\\utils\\logger.ts","statementMap":{"0":{"start":{"line":1,"column":0},"end":{"line":1,"column":24}},"1":{"start":{"line":2,"column":0},"end":{"line":2,"column":20}},"2":{"start":{"line":3,"column":0},"end":{"line":3,"column":24}},"3":{"start":{"line":4,"column":0},"end":{"line":4,"column":26}},"4":{"start":{"line":7,"column":15},"end":{"line":7,"column":49}},"5":{"start":{"line":8,"column":0},"end":{"line":10,"column":1}},"6":{"start":{"line":9,"column":2},"end":{"line":9,"column":23}},"7":{"start":{"line":13,"column":20},"end":{"line":13,"column":55}},"8":{"start":{"line":14,"column":20},"end":{"line":14,"column":50}},"9":{"start":{"line":17,"column":13},"end":{"line":28,"column":2}},"10":{"start":{"line":22,"column":8},"end":{"line":22,"column":32}}},"fnMap":{"0":{"name":"(anonymous_1)","decl":{"start":{"line":21,"column":6},"end":{"line":21,"column":11}},"loc":{"start":{"line":21,"column":17},"end":{"line":23,"column":7}}}},"branchMap":{"0":{"loc":{"start":{"line":8,"column":0},"end":{"line":10,"column":1}},"type":"if","locations":[{"start":{"line":8,"column":0},"end":{"line":10,"column":1}},{"start":{},"end":{}}]}},"s":{"0":1,"1":1,"2":1,"3":1,"4":1,"5":1,"6":0,"7":1,"8":1,"9":1,"10":6},"f":{"0":6},"b":{"0":[0,1]}}
,"C:\\dev\\tes\\backend\\src\\utils\\redisClient.ts": {"path":"C:\\dev\\tes\\backend\\src\\utils\\redisClient.ts","statementMap":{"0":{"start":{"line":1,"column":0},"end":{"line":1,"column":37}},"1":{"start":{"line":3,"column":13},"end":{"line":5,"column":3}},"2":{"start":{"line":7,"column":0},"end":{"line":7,"column":69}},"3":{"start":{"line":7,"column":27},"end":{"line":7,"column":67}},"4":{"start":{"line":9,"column":0},"end":{"line":9,"column":37}}},"fnMap":{"0":{"name":"(anonymous_0)","decl":{"start":{"line":7,"column":18},"end":{"line":7,"column":19}},"loc":{"start":{"line":7,"column":27},"end":{"line":7,"column":67}}}},"branchMap":{},"s":{"0":1,"1":1,"2":1,"3":0,"4":1},"f":{"0":0},"b":{}}
,"C:\\dev\\tes\\backend\\src\\validations\\audit.validation.ts": {"path":"C:\\dev\\tes\\backend\\src\\validations\\audit.validation.ts","statementMap":{"0":{"start":{"line":1,"column":0},"end":{"line":1,"column":24}},"1":{"start":{"line":3,"column":13},"end":{"line":6,"column":3}}},"fnMap":{},"branchMap":{},"s":{"0":1,"1":1},"f":{},"b":{}}
,"C:\\dev\\tes\\backend\\src\\validations\\user.validation.ts": {"path":"C:\\dev\\tes\\backend\\src\\validations\\user.validation.ts","statementMap":{"0":{"start":{"line":1,"column":0},"end":{"line":1,"column":24}},"1":{"start":{"line":3,"column":13},"end":{"line":18,"column":3}},"2":{"start":{"line":9,"column":14},"end":{"line":9,"column":55}},"3":{"start":{"line":13,"column":14},"end":{"line":13,"column":55}},"4":{"start":{"line":20,"column":13},"end":{"line":40,"column":5}},"5":{"start":{"line":37,"column":20},"end":{"line":37,"column":59}},"6":{"start":{"line":42,"column":13},"end":{"line":46,"column":3}},"7":{"start":{"line":48,"column":13},"end":{"line":56,"column":5}},"8":{"start":{"line":53,"column":20},"end":{"line":53,"column":59}},"9":{"start":{"line":58,"column":13},"end":{"line":60,"column":3}}},"fnMap":{"0":{"name":"(anonymous_0)","decl":{"start":{"line":9,"column":4},"end":{"line":9,"column":5}},"loc":{"start":{"line":9,"column":14},"end":{"line":9,"column":55}}},"1":{"name":"(anonymous_1)","decl":{"start":{"line":13,"column":4},"end":{"line":13,"column":5}},"loc":{"start":{"line":13,"column":14},"end":{"line":13,"column":55}}},"2":{"name":"(anonymous_2)","decl":{"start":{"line":37,"column":10},"end":{"line":37,"column":11}},"loc":{"start":{"line":37,"column":20},"end":{"line":37,"column":59}}},"3":{"name":"(anonymous_3)","decl":{"start":{"line":53,"column":10},"end":{"line":53,"column":11}},"loc":{"start":{"line":53,"column":20},"end":{"line":53,"column":59}}}},"branchMap":{"0":{"loc":{"start":{"line":9,"column":14},"end":{"line":9,"column":55}},"type":"cond-expr","locations":[{"start":{"line":9,"column":20},"end":{"line":9,"column":43}},{"start":{"line":9,"column":46},"end":{"line":9,"column":55}}]},"1":{"loc":{"start":{"line":13,"column":14},"end":{"line":13,"column":55}},"type":"cond-expr","locations":[{"start":{"line":13,"column":20},"end":{"line":13,"column":43}},{"start":{"line":13,"column":46},"end":{"line":13,"column":55}}]}},"s":{"0":1,"1":1,"2":0,"3":0,"4":1,"5":0,"6":1,"7":1,"8":0,"9":1},"f":{"0":0,"1":0,"2":0,"3":0},"b":{"0":[0,0],"1":[0,0]}}
}
