TN:
SF:src\index.ts
FN:27,(anonymous_1)
FN:37,(anonymous_2)
FN:45,(anonymous_3)
FN:64,(anonymous_4)
FNF:4
FNH:2
FNDA:2,(anonymous_1)
FNDA:0,(anonymous_2)
FNDA:0,(anonymous_3)
FNDA:1,(anonymous_4)
DA:1,1
DA:2,1
DA:3,1
DA:4,1
DA:5,1
DA:6,1
DA:7,1
DA:8,1
DA:9,1
DA:11,1
DA:12,1
DA:13,1
DA:15,1
DA:17,1
DA:19,1
DA:20,1
DA:21,1
DA:24,1
DA:27,2
DA:34,1
DA:37,1
DA:38,0
DA:39,0
DA:43,1
DA:45,1
DA:46,0
DA:47,0
DA:51,1
DA:54,1
DA:57,1
DA:60,1
DA:62,1
DA:64,1
DA:65,1
DA:66,1
DA:69,1
LF:36
LH:32
BRDA:62,0,0,1
BRDA:62,0,1,1
BRF:2
BRH:2
end_of_record
TN:
SF:src\swagger.ts
FNF:0
FNH:0
DA:1,1
DA:2,1
DA:4,1
DA:36,1
DA:37,1
DA:38,1
LF:6
LH:6
BRF:0
BRH:0
end_of_record
TN:
SF:src\controllers\audit.controller.ts
FN:5,getAuditLogsController
FNF:1
FNH:0
FNDA:0,getAuditLogsController
DA:2,1
DA:3,1
DA:5,1
DA:6,0
DA:7,0
DA:8,0
DA:9,0
DA:10,0
DA:11,0
DA:13,0
DA:16,0
DA:17,0
DA:18,0
DA:19,0
DA:21,0
LF:15
LH:3
BRDA:7,0,0,0
BRDA:7,0,1,0
BRF:2
BRH:0
end_of_record
TN:
SF:src\controllers\auth.controller.ts
FN:10,loginController
FN:16,(anonymous_1)
FN:74,refreshTokenController
FN:107,logoutController
FNF:4
FNH:1
FNDA:1,loginController
FNDA:0,(anonymous_1)
FNDA:0,refreshTokenController
FNDA:0,logoutController
DA:2,1
DA:3,1
DA:5,1
DA:10,1
DA:11,1
DA:12,1
DA:13,0
DA:14,0
DA:15,0
DA:16,0
DA:17,0
DA:18,0
DA:21,0
DA:22,0
DA:28,0
DA:29,0
DA:32,1
DA:34,1
DA:35,1
DA:37,1
DA:44,1
DA:53,1
DA:61,0
DA:70,0
DA:74,1
DA:75,0
DA:76,0
DA:77,0
DA:78,0
DA:81,0
DA:83,0
DA:90,0
DA:96,0
DA:103,0
DA:107,1
DA:108,0
DA:109,0
DA:110,0
DA:111,0
DA:114,0
DA:115,0
DA:116,0
DA:122,0
DA:124,0
LF:44
LH:14
BRDA:12,0,0,0
BRDA:12,0,1,1
BRDA:14,1,0,0
BRDA:14,1,1,0
BRDA:70,2,0,0
BRDA:70,2,1,0
BRDA:77,3,0,0
BRDA:77,3,1,0
BRDA:103,4,0,0
BRDA:103,4,1,0
BRDA:110,5,0,0
BRDA:110,5,1,0
BRDA:124,6,0,0
BRDA:124,6,1,0
BRF:14
BRH:1
end_of_record
TN:
SF:src\controllers\user.controller.ts
FN:13,getListUserController
FN:38,getUserController
FN:62,createUserController
FN:92,updateUserController
FN:127,updateUserPasswordController
FN:162,deleteUserController
FN:193,exportUserCSVController
FNF:7
FNH:0
FNDA:0,getListUserController
FNDA:0,getUserController
FNDA:0,createUserController
FNDA:0,updateUserController
FNDA:0,updateUserPasswordController
FNDA:0,deleteUserController
FNDA:0,exportUserCSVController
DA:2,1
DA:11,1
DA:13,1
DA:14,0
DA:16,0
DA:17,0
DA:18,0
DA:25,0
DA:31,0
DA:38,1
DA:39,0
DA:40,0
DA:42,0
DA:43,0
DA:46,0
DA:47,0
DA:49,0
DA:55,0
DA:62,1
DA:63,0
DA:64,0
DA:69,0
DA:71,0
DA:72,0
DA:79,0
DA:85,0
DA:92,1
DA:93,0
DA:94,0
DA:95,0
DA:98,0
DA:99,0
DA:102,0
DA:107,0
DA:109,0
DA:110,0
DA:111,0
DA:114,0
DA:120,0
DA:127,1
DA:128,0
DA:129,0
DA:130,0
DA:133,0
DA:134,0
DA:137,0
DA:142,0
DA:144,0
DA:145,0
DA:146,0
DA:149,0
DA:155,0
DA:162,1
DA:163,0
DA:164,0
DA:165,0
DA:168,0
DA:169,0
DA:172,0
DA:173,0
DA:174,0
DA:177,0
DA:179,0
DA:180,0
DA:181,0
DA:184,0
DA:190,0
DA:193,1
DA:194,0
DA:195,0
DA:197,0
DA:203,0
DA:204,0
DA:205,0
DA:207,0
LF:75
LH:9
BRDA:16,0,0,0
BRDA:16,0,1,0
BRDA:40,1,0,0
BRDA:40,1,1,0
BRDA:42,2,0,0
BRDA:42,2,1,0
BRDA:42,3,0,0
BRDA:42,3,1,0
BRDA:47,4,0,0
BRDA:47,4,1,0
BRDA:63,5,0,0
BRDA:63,5,1,0
BRDA:71,6,0,0
BRDA:71,6,1,0
BRDA:94,7,0,0
BRDA:94,7,1,0
BRDA:98,8,0,0
BRDA:98,8,1,0
BRDA:109,9,0,0
BRDA:109,9,1,0
BRDA:110,10,0,0
BRDA:110,10,1,0
BRDA:129,11,0,0
BRDA:129,11,1,0
BRDA:133,12,0,0
BRDA:133,12,1,0
BRDA:144,13,0,0
BRDA:144,13,1,0
BRDA:145,14,0,0
BRDA:145,14,1,0
BRDA:164,15,0,0
BRDA:164,15,1,0
BRDA:168,16,0,0
BRDA:168,16,1,0
BRDA:173,17,0,0
BRDA:173,17,1,0
BRDA:179,18,0,0
BRDA:179,18,1,0
BRDA:180,19,0,0
BRDA:180,19,1,0
BRDA:209,20,0,0
BRDA:209,20,1,0
BRF:42
BRH:0
end_of_record
TN:
SF:src\middlewares\auth.middleware.ts
FN:12,authenticate
FN:25,authorize
FN:26,(anonymous_3)
FNF:3
FNH:1
FNDA:0,authenticate
FNDA:8,authorize
FNDA:0,(anonymous_3)
DA:2,1
DA:12,1
DA:13,0
DA:14,0
DA:16,0
DA:17,0
DA:18,0
DA:19,0
DA:21,0
DA:25,1
DA:26,8
DA:27,0
DA:28,0
DA:30,0
LF:14
LH:4
BRDA:14,0,0,0
BRDA:14,0,1,0
BRDA:27,1,0,0
BRDA:27,1,1,0
BRDA:27,2,0,0
BRDA:27,2,1,0
BRF:6
BRH:0
end_of_record
TN:
SF:src\middlewares\errorHandler.middleware.ts
FN:3,errorHandler
FN:7,(anonymous_1)
FNF:2
FNH:0
FNDA:0,errorHandler
FNDA:0,(anonymous_1)
DA:3,1
DA:5,0
DA:6,0
DA:7,0
DA:8,0
DA:11,0
DA:18,0
DA:19,0
DA:23,0
LF:9
LH:1
BRDA:5,0,0,0
BRDA:5,0,1,0
BRDA:5,1,0,0
BRDA:5,1,1,0
BRDA:18,2,0,0
BRDA:18,2,1,0
BRDA:18,3,0,0
BRDA:18,3,1,0
BRF:8
BRH:0
end_of_record
TN:
SF:src\middlewares\rateLimiter.middleware.ts
FNF:0
FNH:0
DA:1,1
DA:3,1
LF:2
LH:2
BRF:0
BRH:0
end_of_record
TN:
SF:src\prisma\client.ts
FNF:0
FNH:0
DA:1,3
DA:2,3
LF:2
LH:2
BRF:0
BRH:0
end_of_record
TN:
SF:src\repositories\audit.repo.ts
FN:3,logAudit
FN:30,getAuditLogsFromDB
FNF:2
FNH:0
FNDA:0,logAudit
FNDA:0,getAuditLogsFromDB
DA:1,2
DA:3,2
DA:18,0
DA:30,2
DA:31,0
DA:40,0
LF:6
LH:3
BRF:0
BRH:0
end_of_record
TN:
SF:src\repositories\user.repo.ts
FN:14,getListUserFromDB
FN:52,getUserByIdFromDB
FN:69,getActiveUserById
FN:82,isUsernameTaken
FN:93,createUserToDB
FN:118,updateUserInDB
FN:136,updateUserPasswordInDB
FN:143,softDeleteUserById
FNF:8
FNH:0
FNDA:0,getListUserFromDB
FNDA:0,getUserByIdFromDB
FNDA:0,getActiveUserById
FNDA:0,isUsernameTaken
FNDA:0,createUserToDB
FNDA:0,updateUserInDB
FNDA:0,updateUserPasswordInDB
FNDA:0,softDeleteUserById
DA:1,2
DA:14,2
DA:24,0
DA:26,0
DA:28,0
DA:29,0
DA:32,0
DA:34,0
DA:35,0
DA:36,0
DA:37,0
DA:40,0
DA:42,0
DA:49,0
DA:52,2
DA:53,0
DA:69,2
DA:70,0
DA:82,2
DA:83,0
DA:90,0
DA:93,2
DA:100,0
DA:118,2
DA:122,0
DA:136,2
DA:137,0
DA:143,2
DA:144,0
LF:29
LH:9
BRDA:22,0,0,0
BRDA:23,1,0,0
BRDA:28,2,0,0
BRDA:28,2,1,0
BRDA:32,3,0,0
BRDA:32,3,1,0
BRDA:34,4,0,0
BRDA:34,4,1,0
BRDA:34,5,0,0
BRDA:34,5,1,0
BRDA:36,6,0,0
BRDA:36,6,1,0
BRDA:37,7,0,0
BRDA:37,7,1,0
BRF:14
BRH:0
end_of_record
TN:
SF:src\routes\audit.routes.ts
FNF:0
FNH:0
DA:1,1
DA:2,1
DA:3,1
DA:5,1
DA:79,1
DA:81,1
LF:6
LH:6
BRF:0
BRH:0
end_of_record
TN:
SF:src\routes\auth.routes.ts
FNF:0
FNH:0
DA:1,1
DA:2,1
DA:8,1
DA:35,1
DA:102,1
DA:146,1
DA:148,1
LF:7
LH:7
BRF:0
BRH:0
end_of_record
TN:
SF:src\routes\user.routes.ts
FNF:0
FNH:0
DA:1,1
DA:2,1
DA:11,1
DA:13,1
DA:117,1
DA:141,1
DA:190,1
DA:230,1
DA:272,1
DA:309,1
DA:352,1
DA:354,1
LF:12
LH:12
BRF:0
BRH:0
end_of_record
TN:
SF:src\services\audit.service.ts
FN:3,getAuditLogsService
FNF:1
FNH:0
FNDA:0,getAuditLogsService
DA:1,1
DA:3,1
DA:4,0
DA:5,0
DA:7,0
LF:5
LH:2
BRF:0
BRH:0
end_of_record
TN:
SF:src\services\auth.service.ts
FN:20,loginService
FN:43,refreshTokenService
FN:71,logoutService
FNF:3
FNH:3
FNDA:4,loginService
FNDA:3,refreshTokenService
FNDA:1,logoutService
DA:1,2
DA:2,2
DA:3,2
DA:13,2
DA:20,2
DA:21,4
DA:22,4
DA:23,2
DA:26,2
DA:31,2
DA:33,2
DA:35,2
DA:43,2
DA:44,3
DA:45,3
DA:46,3
DA:47,1
DA:50,2
DA:52,2
DA:57,2
DA:58,1
DA:61,1
DA:62,1
DA:64,1
DA:71,2
DA:72,1
DA:73,1
DA:74,1
LF:28
LH:28
BRDA:13,0,0,2
BRDA:13,0,1,1
BRDA:22,1,0,2
BRDA:22,1,1,2
BRDA:22,2,0,4
BRDA:22,2,1,3
BRDA:46,3,0,1
BRDA:46,3,1,2
BRDA:57,4,0,1
BRDA:57,4,1,1
BRF:10
BRH:10
end_of_record
TN:
SF:src\services\user.service.ts
FN:23,getListUserService
FN:72,getUserDetailService
FN:85,createUserService
FN:126,updateUserService
FN:183,updateUserPasswordService
FN:228,deleteUserService
FN:282,exportUserCSVService
FN:291,(anonymous_8)
FNF:8
FNH:8
FNDA:2,getListUserService
FNDA:2,getUserDetailService
FNDA:3,createUserService
FNDA:4,updateUserService
FNDA:2,updateUserPasswordService
FNDA:3,deleteUserService
FNDA:2,exportUserCSVService
FNDA:1,(anonymous_8)
DA:1,2
DA:2,2
DA:3,2
DA:10,2
DA:20,2
DA:21,2
DA:23,2
DA:24,2
DA:25,2
DA:26,2
DA:28,2
DA:29,1
DA:30,1
DA:31,1
DA:33,1
DA:36,1
DA:37,1
DA:38,1
DA:39,1
DA:40,1
DA:41,1
DA:47,0
DA:48,0
DA:50,0
DA:60,0
DA:61,0
DA:66,0
DA:72,2
DA:73,2
DA:74,2
DA:75,2
DA:76,2
DA:77,2
DA:79,1
DA:80,1
DA:82,1
DA:85,2
DA:86,3
DA:87,3
DA:89,3
DA:90,1
DA:91,1
DA:92,1
DA:94,1
DA:97,2
DA:99,2
DA:100,2
DA:101,1
DA:102,1
DA:105,1
DA:106,1
DA:114,1
DA:123,1
DA:126,2
DA:131,4
DA:132,4
DA:134,4
DA:135,1
DA:136,1
DA:137,1
DA:139,1
DA:142,3
DA:145,3
DA:146,1
DA:150,2
DA:151,1
DA:152,1
DA:156,1
DA:157,1
DA:158,1
DA:162,0
DA:163,0
DA:164,0
DA:165,0
DA:166,0
DA:170,0
DA:171,0
DA:180,0
DA:183,2
DA:188,2
DA:189,2
DA:191,2
DA:192,0
DA:193,0
DA:194,0
DA:196,0
DA:199,2
DA:202,2
DA:203,1
DA:207,1
DA:208,1
DA:209,0
DA:213,1
DA:215,1
DA:216,1
DA:225,1
DA:228,2
DA:233,3
DA:234,3
DA:236,3
DA:237,1
DA:238,1
DA:240,1
DA:243,2
DA:244,0
DA:247,2
DA:248,1
DA:251,1
DA:252,1
DA:253,0
DA:256,1
DA:257,1
DA:258,1
DA:259,1
DA:262,0
DA:264,0
DA:266,0
DA:275,0
DA:282,2
DA:283,2
DA:284,2
DA:285,1
DA:288,1
DA:289,1
DA:291,1
DA:299,1
DA:304,1
LF:127
LH:102
BRDA:28,0,0,1
BRDA:28,0,1,1
BRDA:39,1,0,1
BRDA:39,1,1,0
BRDA:60,2,0,0
BRDA:60,2,1,0
BRDA:60,3,0,0
BRDA:60,3,1,0
BRDA:77,4,0,1
BRDA:77,4,1,1
BRDA:80,5,0,1
BRDA:80,5,1,0
BRDA:89,6,0,1
BRDA:89,6,1,2
BRDA:100,7,0,1
BRDA:100,7,1,1
BRDA:134,8,0,1
BRDA:134,8,1,3
BRDA:145,9,0,1
BRDA:145,9,1,2
BRDA:145,10,0,3
BRDA:145,10,1,2
BRDA:150,11,0,1
BRDA:150,11,1,1
BRDA:150,12,0,2
BRDA:150,12,1,1
BRDA:157,13,0,1
BRDA:157,13,1,0
BRDA:162,14,0,0
BRDA:162,14,1,0
BRDA:162,15,0,0
BRDA:162,15,1,0
BRDA:164,16,0,0
BRDA:164,16,1,0
BRDA:191,17,0,0
BRDA:191,17,1,2
BRDA:202,18,0,1
BRDA:202,18,1,1
BRDA:202,19,0,2
BRDA:202,19,1,2
BRDA:208,20,0,0
BRDA:208,20,1,1
BRDA:236,21,0,1
BRDA:236,21,1,2
BRDA:243,22,0,0
BRDA:243,22,1,2
BRDA:247,23,0,1
BRDA:247,23,1,1
BRDA:252,24,0,0
BRDA:252,24,1,1
BRDA:257,25,0,1
BRDA:257,25,1,0
BRDA:284,26,0,1
BRDA:284,26,1,1
BRF:54
BRH:36
end_of_record
TN:
SF:src\utils\jwt.ts
FN:10,generateAccessToken
FN:16,generateRefreshToken
FN:23,verifyRefreshToken
FN:29,revokeRefreshToken
FN:33,isRefreshTokenValid
FNF:5
FNH:2
FNDA:1,generateAccessToken
FNDA:1,generateRefreshToken
FNDA:0,verifyRefreshToken
FNDA:0,revokeRefreshToken
FNDA:0,isRefreshTokenValid
DA:1,1
DA:2,1
DA:3,1
DA:5,1
DA:6,1
DA:7,1
DA:8,1
DA:10,1
DA:11,1
DA:12,1
DA:13,1
DA:16,1
DA:17,1
DA:18,1
DA:19,1
DA:20,1
DA:23,1
DA:26,0
DA:29,1
DA:30,0
DA:33,1
DA:34,0
DA:35,0
LF:23
LH:19
BRDA:5,0,0,1
BRDA:5,0,1,0
BRDA:6,1,0,1
BRDA:6,1,1,0
BRDA:35,2,0,0
BRDA:35,2,1,0
BRF:6
BRH:2
end_of_record
TN:
SF:src\utils\logger.ts
FN:21,(anonymous_1)
FNF:1
FNH:1
FNDA:6,(anonymous_1)
DA:1,1
DA:2,1
DA:3,1
DA:4,1
DA:7,1
DA:8,1
DA:9,0
DA:13,1
DA:14,1
DA:17,1
DA:22,6
LF:11
LH:10
BRDA:8,0,0,0
BRDA:8,0,1,1
BRF:2
BRH:1
end_of_record
TN:
SF:src\utils\redisClient.ts
FN:7,(anonymous_0)
FNF:1
FNH:0
FNDA:0,(anonymous_0)
DA:1,1
DA:3,1
DA:7,1
DA:9,1
LF:4
LH:4
BRF:0
BRH:0
end_of_record
TN:
SF:src\validations\audit.validation.ts
FNF:0
FNH:0
DA:1,1
DA:3,1
LF:2
LH:2
BRF:0
BRH:0
end_of_record
TN:
SF:src\validations\user.validation.ts
FN:9,(anonymous_0)
FN:13,(anonymous_1)
FN:37,(anonymous_2)
FN:53,(anonymous_3)
FNF:4
FNH:0
FNDA:0,(anonymous_0)
FNDA:0,(anonymous_1)
FNDA:0,(anonymous_2)
FNDA:0,(anonymous_3)
DA:1,1
DA:3,1
DA:9,0
DA:13,0
DA:20,1
DA:37,0
DA:42,1
DA:48,1
DA:53,0
DA:58,1
LF:10
LH:6
BRDA:9,0,0,0
BRDA:9,0,1,0
BRDA:13,1,0,0
BRDA:13,1,1,0
BRF:4
BRH:0
end_of_record
